2025-01-30 11:41:14,288 [INFO] -----------------------Starting build-----------------------
2025-01-30 11:41:14,293 [INFO] Running configSets: _OnInstanceBoot
2025-01-30 11:41:14,296 [INFO] Running configSet _OnInstanceBoot
2025-01-30 11:41:14,305 [INFO] Running config AWSEBBaseConfig
2025-01-30 11:41:30,282 [INFO] Command clearbackupfiles succeeded
2025-01-30 11:41:30,286 [INFO] Running config AWSEBCfnHupEndpointOverride
2025-01-30 11:41:30,291 [INFO] Command clearbackupfiles succeeded
2025-01-30 11:41:30,292 [INFO] ConfigSets completed
2025-01-30 11:41:30,292 [INFO] -----------------------Build complete-----------------------
2025-01-30 11:43:23,084 [INFO] -----------------------Starting build-----------------------
2025-01-30 11:43:23,089 [INFO] Running configSets: Infra-EmbeddedPreBuild
2025-01-30 11:43:23,091 [INFO] Running configSet Infra-EmbeddedPreBuild
2025-01-30 11:43:23,091 [INFO] ConfigSets completed
2025-01-30 11:43:23,091 [INFO] -----------------------Build complete-----------------------
2025-01-30 11:43:54,212 [INFO] -----------------------Starting build-----------------------
2025-01-30 11:43:54,217 [INFO] Running configSets: Infra-EmbeddedPostBuild
2025-01-30 11:43:54,220 [INFO] Running configSet Infra-EmbeddedPostBuild
2025-01-30 11:43:54,220 [INFO] ConfigSets completed
2025-01-30 11:43:54,220 [INFO] -----------------------Build complete-----------------------
2025-01-30 11:49:30,261 [INFO] -----------------------Starting build-----------------------
2025-01-30 11:49:30,265 [INFO] Running configSets: Infra-EmbeddedPreBuild
2025-01-30 11:49:30,268 [INFO] Running configSet Infra-EmbeddedPreBuild
2025-01-30 11:49:30,268 [INFO] ConfigSets completed
2025-01-30 11:49:30,268 [INFO] -----------------------Build complete-----------------------
2025-01-30 11:49:34,588 [INFO] -----------------------Starting build-----------------------
2025-01-30 11:49:34,593 [INFO] Running configSets: Infra-EmbeddedPostBuild
2025-01-30 11:49:34,595 [INFO] Running configSet Infra-EmbeddedPostBuild
2025-01-30 11:49:34,595 [INFO] ConfigSets completed
2025-01-30 11:49:34,595 [INFO] -----------------------Build complete-----------------------
2025-01-30 11:55:37,002 [INFO] -----------------------Starting build-----------------------
2025-01-30 11:55:37,007 [INFO] Running configSets: Infra-EmbeddedPreBuild
2025-01-30 11:55:37,009 [INFO] Running configSet Infra-EmbeddedPreBuild
2025-01-30 11:55:37,009 [INFO] ConfigSets completed
2025-01-30 11:55:37,009 [INFO] -----------------------Build complete-----------------------
2025-01-30 11:55:40,302 [INFO] -----------------------Starting build-----------------------
2025-01-30 11:55:40,307 [INFO] Running configSets: Infra-EmbeddedPostBuild
2025-01-30 11:55:40,309 [INFO] Running configSet Infra-EmbeddedPostBuild
2025-01-30 11:55:40,309 [INFO] ConfigSets completed
2025-01-30 11:55:40,309 [INFO] -----------------------Build complete-----------------------
2025-01-30 12:09:32,479 [INFO] -----------------------Starting build-----------------------
2025-01-30 12:09:32,483 [INFO] Running configSets: Infra-EmbeddedPreBuild
2025-01-30 12:09:32,485 [INFO] Running configSet Infra-EmbeddedPreBuild
2025-01-30 12:09:32,485 [INFO] ConfigSets completed
2025-01-30 12:09:32,485 [INFO] -----------------------Build complete-----------------------
2025-01-30 12:09:35,340 [INFO] -----------------------Starting build-----------------------
2025-01-30 12:09:35,344 [INFO] Running configSets: Infra-EmbeddedPostBuild
2025-01-30 12:09:35,347 [INFO] Running configSet Infra-EmbeddedPostBuild
2025-01-30 12:09:35,347 [INFO] ConfigSets completed
2025-01-30 12:09:35,347 [INFO] -----------------------Build complete-----------------------
2025-01-30 12:14:23,838 [INFO] -----------------------Starting build-----------------------
2025-01-30 12:14:23,843 [INFO] Running configSets: Infra-EmbeddedPreBuild
2025-01-30 12:14:23,845 [INFO] Running configSet Infra-EmbeddedPreBuild
2025-01-30 12:14:23,845 [INFO] ConfigSets completed
2025-01-30 12:14:23,845 [INFO] -----------------------Build complete-----------------------
2025-01-30 12:14:26,774 [INFO] -----------------------Starting build-----------------------
2025-01-30 12:14:26,779 [INFO] Running configSets: Infra-EmbeddedPostBuild
2025-01-30 12:14:26,782 [INFO] Running configSet Infra-EmbeddedPostBuild
2025-01-30 12:14:26,782 [INFO] ConfigSets completed
2025-01-30 12:14:26,782 [INFO] -----------------------Build complete-----------------------
2025-01-30 12:20:05,891 [INFO] -----------------------Starting build-----------------------
2025-01-30 12:20:05,896 [INFO] Running configSets: Infra-EmbeddedPreBuild
2025-01-30 12:20:05,898 [INFO] Running configSet Infra-EmbeddedPreBuild
2025-01-30 12:20:05,898 [INFO] ConfigSets completed
2025-01-30 12:20:05,898 [INFO] -----------------------Build complete-----------------------
2025-01-30 12:20:08,932 [INFO] -----------------------Starting build-----------------------
2025-01-30 12:20:08,937 [INFO] Running configSets: Infra-EmbeddedPostBuild
2025-01-30 12:20:08,939 [INFO] Running configSet Infra-EmbeddedPostBuild
2025-01-30 12:20:08,939 [INFO] ConfigSets completed
2025-01-30 12:20:08,939 [INFO] -----------------------Build complete-----------------------
2025-01-30 12:29:27,307 [INFO] -----------------------Starting build-----------------------
2025-01-30 12:29:27,312 [INFO] Running configSets: Infra-EmbeddedPreBuild
2025-01-30 12:29:27,314 [INFO] Running configSet Infra-EmbeddedPreBuild
2025-01-30 12:29:27,314 [INFO] ConfigSets completed
2025-01-30 12:29:27,314 [INFO] -----------------------Build complete-----------------------
2025-01-30 12:29:30,318 [INFO] -----------------------Starting build-----------------------
2025-01-30 12:29:30,323 [INFO] Running configSets: Infra-EmbeddedPostBuild
2025-01-30 12:29:30,325 [INFO] Running configSet Infra-EmbeddedPostBuild
2025-01-30 12:29:30,326 [INFO] ConfigSets completed
2025-01-30 12:29:30,326 [INFO] -----------------------Build complete-----------------------
2025-01-30 12:44:27,589 [INFO] -----------------------Starting build-----------------------
2025-01-30 12:44:27,594 [INFO] Running configSets: Infra-EmbeddedPreBuild
2025-01-30 12:44:27,596 [INFO] Running configSet Infra-EmbeddedPreBuild
2025-01-30 12:44:27,597 [INFO] ConfigSets completed
2025-01-30 12:44:27,597 [INFO] -----------------------Build complete-----------------------
2025-01-30 12:45:14,599 [INFO] -----------------------Starting build-----------------------
2025-01-30 12:45:14,604 [INFO] Running configSets: Infra-EmbeddedPreBuild
2025-01-30 12:45:14,607 [INFO] Running configSet Infra-EmbeddedPreBuild
2025-01-30 12:45:14,607 [INFO] ConfigSets completed
2025-01-30 12:45:14,607 [INFO] -----------------------Build complete-----------------------
2025-01-30 12:45:17,631 [INFO] -----------------------Starting build-----------------------
2025-01-30 12:45:17,636 [INFO] Running configSets: Infra-EmbeddedPostBuild
2025-01-30 12:45:17,638 [INFO] Running configSet Infra-EmbeddedPostBuild
2025-01-30 12:45:17,639 [INFO] ConfigSets completed
2025-01-30 12:45:17,639 [INFO] -----------------------Build complete-----------------------
2025-01-30 12:54:39,411 [INFO] -----------------------Starting build-----------------------
2025-01-30 12:54:39,416 [INFO] Running configSets: Infra-EmbeddedPreBuild
2025-01-30 12:54:39,418 [INFO] Running configSet Infra-EmbeddedPreBuild
2025-01-30 12:54:39,418 [INFO] ConfigSets completed
2025-01-30 12:54:39,418 [INFO] -----------------------Build complete-----------------------
2025-01-30 12:55:24,730 [INFO] -----------------------Starting build-----------------------
2025-01-30 12:55:24,735 [INFO] Running configSets: Infra-EmbeddedPreBuild
2025-01-30 12:55:24,738 [INFO] Running configSet Infra-EmbeddedPreBuild
2025-01-30 12:55:24,738 [INFO] ConfigSets completed
2025-01-30 12:55:24,738 [INFO] -----------------------Build complete-----------------------
2025-01-30 12:55:27,689 [INFO] -----------------------Starting build-----------------------
2025-01-30 12:55:27,694 [INFO] Running configSets: Infra-EmbeddedPostBuild
2025-01-30 12:55:27,697 [INFO] Running configSet Infra-EmbeddedPostBuild
2025-01-30 12:55:27,697 [INFO] ConfigSets completed
2025-01-30 12:55:27,697 [INFO] -----------------------Build complete-----------------------
