2025-01-30 11:41:33,053 [DEBUG] CloudFormation client initialized with endpoint https://cloudformation.us-east-1.amazonaws.com
2025-01-30 11:41:33,054 [DEBUG] SQS client initialized with endpoint https://sqs.us-east-1.amazonaws.com
2025-01-30 11:41:33,054 [DEBUG] CloudFormation client initialized with endpoint https://cloudformation.us-east-1.amazonaws.com
2025-01-30 11:41:33,054 [DEBUG] Enabled single threading mode.
2025-01-30 11:41:33,054 [DEBUG] Creating /var/lib/cfn-hup/data
2025-01-30 11:41:33,067 [INFO] No umask value specified in config file. Using the default one: 0o22
2025-01-30 11:41:33,097 [INFO] Pid: 1897
2025-01-30 11:41:33,425 [INFO] Refreshing listener credentials
2025-01-30 11:41:33,517 [INFO] Scheduling next credential refresh in 1799.0 seconds
2025-01-30 11:43:21,683 [INFO] Received command ElasticBeanstalkCommand-AWSEBAutoScalingGroup (invocation id: c2b94dc2-7889-4c10-aa29-43e703251d87)
2025-01-30 11:43:21,683 [INFO] Running action for aws-eb-command-handler
2025-01-30 11:43:55,561 [INFO] Action for aws-eb-command-handler succeeded, returning SUCCESS
2025-01-30 11:46:35,938 [INFO] command processing is alive.
2025-01-30 11:49:28,924 [INFO] Received command ElasticBeanstalkCommand-AWSEBAutoScalingGroup (invocation id: 7382e82b-406f-46b3-a2a3-8a1450425d02)
2025-01-30 11:49:28,924 [INFO] Running action for aws-eb-command-handler
2025-01-30 11:49:36,886 [INFO] Action for aws-eb-command-handler succeeded, returning SUCCESS
2025-01-30 11:51:37,180 [INFO] command processing is alive.
2025-01-30 11:55:35,682 [INFO] Received command ElasticBeanstalkCommand-AWSEBAutoScalingGroup (invocation id: f3f5a00d-8d36-46f6-bcdf-6fa3d28b2de2)
2025-01-30 11:55:35,682 [INFO] Running action for aws-eb-command-handler
2025-01-30 11:55:42,582 [INFO] Action for aws-eb-command-handler succeeded, returning SUCCESS
2025-01-30 11:56:42,799 [INFO] command processing is alive.
2025-01-30 12:01:43,333 [INFO] command processing is alive.
2025-01-30 12:06:43,863 [INFO] command processing is alive.
2025-01-30 12:09:31,173 [INFO] Received command ElasticBeanstalkCommand-AWSEBAutoScalingGroup (invocation id: 2ce191e4-8712-43d1-b856-8b7d62e9924e)
2025-01-30 12:09:31,174 [INFO] Running action for aws-eb-command-handler
2025-01-30 12:09:38,572 [INFO] Action for aws-eb-command-handler succeeded, returning SUCCESS
2025-01-30 12:11:32,517 [INFO] Refreshing listener credentials
2025-01-30 12:11:32,610 [INFO] Scheduling next credential refresh in 1799.0 seconds
2025-01-30 12:11:58,909 [INFO] command processing is alive.
2025-01-30 12:14:22,493 [INFO] Received command ElasticBeanstalkCommand-AWSEBAutoScalingGroup (invocation id: df427604-7426-4454-8957-a065654f0965)
2025-01-30 12:14:22,493 [INFO] Running action for aws-eb-command-handler
2025-01-30 12:14:44,046 [INFO] Action for aws-eb-command-handler succeeded, returning SUCCESS
2025-01-30 12:17:04,375 [INFO] command processing is alive.
2025-01-30 12:20:04,549 [INFO] Received command ElasticBeanstalkCommand-AWSEBAutoScalingGroup (invocation id: 38880075-46c1-4356-bf1b-00b369311dd0)
2025-01-30 12:20:04,549 [INFO] Running action for aws-eb-command-handler
2025-01-30 12:20:26,252 [INFO] Action for aws-eb-command-handler succeeded, returning SUCCESS
2025-01-30 12:22:06,505 [INFO] command processing is alive.
2025-01-30 12:27:07,051 [INFO] command processing is alive.
2025-01-30 12:29:25,979 [INFO] Received command ElasticBeanstalkCommand-AWSEBAutoScalingGroup (invocation id: e5f1f2f0-4504-46fb-a471-125592445cad)
2025-01-30 12:29:25,979 [INFO] Running action for aws-eb-command-handler
2025-01-30 12:29:33,652 [INFO] Action for aws-eb-command-handler succeeded, returning SUCCESS
2025-01-30 12:32:14,026 [INFO] command processing is alive.
2025-01-30 12:37:14,572 [INFO] command processing is alive.
2025-01-30 12:41:31,610 [INFO] Refreshing listener credentials
2025-01-30 12:41:31,700 [INFO] Scheduling next credential refresh in 1799.0 seconds
2025-01-30 12:42:15,162 [INFO] command processing is alive.
2025-01-30 12:44:26,297 [INFO] Received command ElasticBeanstalkCommand-AWSEBAutoScalingGroup (invocation id: 0179e8b6-5765-477a-9562-fb773e46aa24)
2025-01-30 12:44:26,297 [INFO] Running action for aws-eb-command-handler
2025-01-30 12:44:32,408 [INFO] Action for aws-eb-command-handler succeeded, returning SUCCESS
2025-01-30 12:45:13,238 [INFO] Received command ElasticBeanstalkCommand-AWSEBAutoScalingGroup (invocation id: 579fa7d5-fdbe-4bca-9ba7-fd8d1994c243)
2025-01-30 12:45:13,238 [INFO] Running action for aws-eb-command-handler
2025-01-30 12:45:20,852 [INFO] Action for aws-eb-command-handler succeeded, returning SUCCESS
2025-01-30 12:46:25,746 [INFO] Received command ElasticBeanstalkCommand-AWSEBAutoScalingGroup (invocation id: b63ef21f-32f4-41e0-83a0-9834d23a07ff)
2025-01-30 12:46:25,747 [INFO] Running action for aws-eb-command-handler
2025-01-30 12:46:26,461 [INFO] Action for aws-eb-command-handler succeeded, returning SUCCESS
2025-01-30 12:47:26,643 [INFO] command processing is alive.
2025-01-30 12:52:27,243 [INFO] command processing is alive.
2025-01-30 12:54:38,126 [INFO] Received command ElasticBeanstalkCommand-AWSEBAutoScalingGroup (invocation id: 70e5616d-71dd-4847-af59-f2d07e6fdaea)
2025-01-30 12:54:38,126 [INFO] Running action for aws-eb-command-handler
2025-01-30 12:54:43,320 [INFO] Action for aws-eb-command-handler succeeded, returning SUCCESS
2025-01-30 12:55:23,434 [INFO] Received command ElasticBeanstalkCommand-AWSEBAutoScalingGroup (invocation id: 1e3f750c-6e65-42d1-920a-991271bf8a06)
2025-01-30 12:55:23,434 [INFO] Running action for aws-eb-command-handler
2025-01-30 12:55:29,939 [INFO] Action for aws-eb-command-handler succeeded, returning SUCCESS
2025-01-30 12:56:39,312 [INFO] Received command ElasticBeanstalkCommand-AWSEBAutoScalingGroup (invocation id: 49a469c5-312d-423d-b529-8c059badbfd4)
2025-01-30 12:56:39,312 [INFO] Running action for aws-eb-command-handler
