2025-01-30 11:41:14,296 P1769 [INFO] ************************************************************
2025-01-30 11:41:14,296 P1769 [INFO] ConfigSet _OnInstanceBoot
2025-01-30 11:41:14,305 P1769 [INFO] ++++++++++++++++++++++++++++++++++++++++++++++++++++++++++++
2025-01-30 11:41:14,305 P1769 [INFO] Config AWSEBBaseConfig
2025-01-30 11:41:30,269 P1769 [INFO] ============================================================
2025-01-30 11:41:30,269 P1769 [INFO] Command clearbackupfiles
2025-01-30 11:41:30,281 P1769 [INFO] Completed successfully.
2025-01-30 11:41:30,287 P1769 [INFO] ++++++++++++++++++++++++++++++++++++++++++++++++++++++++++++
2025-01-30 11:41:30,287 P1769 [INFO] Config AWSEBCfnHupEndpointOverride
2025-01-30 11:41:30,287 P1769 [INFO] ============================================================
2025-01-30 11:41:30,287 P1769 [INFO] Command clearbackupfiles
2025-01-30 11:41:30,290 P1769 [INFO] Completed successfully.
2025-01-30 11:43:23,091 P2035 [INFO] ************************************************************
2025-01-30 11:43:23,091 P2035 [INFO] ConfigSet Infra-EmbeddedPreBuild
2025-01-30 11:43:54,220 P2226 [INFO] ************************************************************
2025-01-30 11:43:54,220 P2226 [INFO] ConfigSet Infra-EmbeddedPostBuild
2025-01-30 11:49:30,268 P2652 [INFO] ************************************************************
2025-01-30 11:49:30,268 P2652 [INFO] ConfigSet Infra-EmbeddedPreBuild
2025-01-30 11:49:34,595 P2829 [INFO] ************************************************************
2025-01-30 11:49:34,595 P2829 [INFO] ConfigSet Infra-EmbeddedPostBuild
2025-01-30 11:55:37,009 P3442 [INFO] ************************************************************
2025-01-30 11:55:37,009 P3442 [INFO] ConfigSet Infra-EmbeddedPreBuild
2025-01-30 11:55:40,309 P3619 [INFO] ************************************************************
2025-01-30 11:55:40,309 P3619 [INFO] ConfigSet Infra-EmbeddedPostBuild
2025-01-30 12:09:32,485 P4602 [INFO] ************************************************************
2025-01-30 12:09:32,485 P4602 [INFO] ConfigSet Infra-EmbeddedPreBuild
2025-01-30 12:09:35,347 P4778 [INFO] ************************************************************
2025-01-30 12:09:35,347 P4778 [INFO] ConfigSet Infra-EmbeddedPostBuild
2025-01-30 12:14:23,845 P5317 [INFO] ************************************************************
2025-01-30 12:14:23,845 P5317 [INFO] ConfigSet Infra-EmbeddedPreBuild
2025-01-30 12:14:26,782 P5555 [INFO] ************************************************************
2025-01-30 12:14:26,782 P5555 [INFO] ConfigSet Infra-EmbeddedPostBuild
2025-01-30 12:20:05,898 P6088 [INFO] ************************************************************
2025-01-30 12:20:05,898 P6088 [INFO] ConfigSet Infra-EmbeddedPreBuild
2025-01-30 12:20:08,939 P6265 [INFO] ************************************************************
2025-01-30 12:20:08,939 P6265 [INFO] ConfigSet Infra-EmbeddedPostBuild
2025-01-30 12:29:27,314 P6953 [INFO] ************************************************************
2025-01-30 12:29:27,314 P6953 [INFO] ConfigSet Infra-EmbeddedPreBuild
2025-01-30 12:29:30,326 P7129 [INFO] ************************************************************
2025-01-30 12:29:30,326 P7129 [INFO] ConfigSet Infra-EmbeddedPostBuild
2025-01-30 12:44:27,596 P8057 [INFO] ************************************************************
2025-01-30 12:44:27,596 P8057 [INFO] ConfigSet Infra-EmbeddedPreBuild
2025-01-30 12:45:14,607 P8088 [INFO] ************************************************************
2025-01-30 12:45:14,607 P8088 [INFO] ConfigSet Infra-EmbeddedPreBuild
2025-01-30 12:45:17,638 P8329 [INFO] ************************************************************
2025-01-30 12:45:17,638 P8329 [INFO] ConfigSet Infra-EmbeddedPostBuild
2025-01-30 12:54:39,418 P9045 [INFO] ************************************************************
2025-01-30 12:54:39,418 P9045 [INFO] ConfigSet Infra-EmbeddedPreBuild
2025-01-30 12:55:24,738 P9137 [INFO] ************************************************************
2025-01-30 12:55:24,738 P9137 [INFO] ConfigSet Infra-EmbeddedPreBuild
2025-01-30 12:55:27,697 P9312 [INFO] ************************************************************
2025-01-30 12:55:27,697 P9312 [INFO] ConfigSet Infra-EmbeddedPostBuild
