[2025-01-30T11:41:13Z] Started EB User Data
+ SLEEP_TIME=2
+ SLEEP_TIME_MAX=3600
+ true
+ curl https://elasticbeanstalk-platform-assets-us-east-1.s3.amazonaws.com/stalks/eb_python312_amazon_linux_2023_1.0.308.0_20250125002605/lib/UserDataScript.sh
  % Total    % Received % Xferd  Average Speed   Time    Time     Time  Current
                                 Dload  Upload   Total   Spent    Left  Speed
  0     0    0     0    0     0      0      0 --:--:-- --:--:-- --:--:--     0100  4838  100  4838    0     0  67357      0 --:--:-- --:--:-- --:--:-- 68140
+ RESULT=0
+ [[ 0 -ne 0 ]]
+ /bin/bash /tmp/ebbootstrap.sh 'https://cloudformation-waitcondition-us-east-1.s3.amazonaws.com/arn%3Aaws%3Acloudformation%3Aus-east-1%3A640168417711%3Astack/awseb-e-nkb4jvzqrp-stack/00200560-deff-11ef-a8b5-1215f66af8d3/0021da20-deff-11ef-a8b5-1215f66af8d3/AWSEBInstanceLaunchWaitHandle?X-Amz-Algorithm=AWS4-HMAC-SHA256&X-Amz-Date=20250130T114030Z&X-Amz-SignedHeaders=host&X-Amz-Expires=86399&X-Amz-Credential=AKIA6L7Q4OWT3JRXU3BZ%2F20250130%2Fus-east-1%2Fs3%2Faws4_request&X-Amz-Signature=aec529de996599839845125d66b21076135f01f2adbce1420ba8b126d40dcc83' arn:aws:cloudformation:us-east-1:640168417711:stack/awseb-e-nkb4jvzqrp-stack/00200560-deff-11ef-a8b5-1215f66af8d3 7285cfbe-8b8c-44ae-bc09-1fb41dba63fd https://elasticbeanstalk-health.us-east-1.amazonaws.com '' https://elasticbeanstalk-platform-assets-us-east-1.s3.amazonaws.com/stalks/eb_python312_amazon_linux_2023_1.0.308.0_20250125002605 us-east-1
[2025-01-30T11:41:13.544Z] Started EB Bootstrapping Script.
[2025-01-30T11:41:13.614Z] Received parameters:
 TARBALLS = 
 EB_GEMS = 
 SIGNAL_URL = https://cloudformation-waitcondition-us-east-1.s3.amazonaws.com/arn%3Aaws%3Acloudformation%3Aus-east-1%3A640168417711%3Astack/awseb-e-nkb4jvzqrp-stack/00200560-deff-11ef-a8b5-1215f66af8d3/0021da20-deff-11ef-a8b5-1215f66af8d3/AWSEBInstanceLaunchWaitHandle?X-Amz-Algorithm=AWS4-HMAC-SHA256&X-Amz-Date=20250130T114030Z&X-Amz-SignedHeaders=host&X-Amz-Expires=86399&X-Amz-Credential=AKIA6L7Q4OWT3JRXU3BZ%2F20250130%2Fus-east-1%2Fs3%2Faws4_request&X-Amz-Signature=aec529de996599839845125d66b21076135f01f2adbce1420ba8b126d40dcc83
 STACK_ID = arn:aws:cloudformation:us-east-1:640168417711:stack/awseb-e-nkb4jvzqrp-stack/00200560-deff-11ef-a8b5-1215f66af8d3
 REGION = us-east-1
 GUID = 
 HEALTHD_GROUP_ID = 7285cfbe-8b8c-44ae-bc09-1fb41dba63fd
 HEALTHD_ENDPOINT = https://elasticbeanstalk-health.us-east-1.amazonaws.com
 PROXY_SERVER = 
 HEALTHD_PROXY_LOG_LOCATION = 
 PLATFORM_ASSETS_URL = https://elasticbeanstalk-platform-assets-us-east-1.s3.amazonaws.com/stalks/eb_python312_amazon_linux_2023_1.0.308.0_20250125002605
[2025-01-30T11:41:13.654Z] engine url is set to https://elasticbeanstalk-platform-assets-us-east-1.s3.amazonaws.com/stalks/eb_python312_amazon_linux_2023_1.0.308.0_20250125002605/lib/platform-engine-arm64.zip
[2025-01-30T11:41:13.656Z] first init of instance.
[2025-01-30T11:41:13.674Z] Started executing cfn_init _OnInstanceBoot.
[2025-01-30T11:41:13.679Z] Running cfn-init ConfigSet: _OnInstanceBoot.
[2025-01-30T11:41:13.687Z] Using stack-id from userdata
[2025-01-30T11:41:30.325Z] Command Returned: 
[2025-01-30T11:41:30.326Z] Completed executing cfn_init.
[2025-01-30T11:41:30.330Z] finished _OnInstanceBoot
[2025-01-30T11:41:30.332Z] installing platform engine
2025-01-30 11:41:30 URL:https://elasticbeanstalk-platform-assets-us-east-1.s3.amazonaws.com/stalks/eb_python312_amazon_linux_2023_1.0.308.0_20250125002605/lib/platform-engine-arm64.zip [19794354/19794354] -> "/tmp/platform-engine.zip" [1]
[2025-01-30T11:41:31.202Z] executing platform engine. see /var/log/eb-engine.log.
[2025-01-30T11:41:32.873Z] Successfully bootstrapped instance.
[2025-01-30T11:41:32.878Z] Sending signal 0 to CFN wait condition https://cloudformation-waitcondition-us-east-1.s3.amazonaws.com/arn%3Aaws%3Acloudformation%3Aus-east-1%3A640168417711%3Astack/awseb-e-nkb4jvzqrp-stack/00200560-deff-11ef-a8b5-1215f66af8d3/0021da20-deff-11ef-a8b5-1215f66af8d3/AWSEBInstanceLaunchWaitHandle?X-Amz-Algorithm=AWS4-HMAC-SHA256&X-Amz-Date=20250130T114030Z&X-Amz-SignedHeaders=host&X-Amz-Expires=86399&X-Amz-Credential=AKIA6L7Q4OWT3JRXU3BZ%2F20250130%2Fus-east-1%2Fs3%2Faws4_request&X-Amz-Signature=aec529de996599839845125d66b21076135f01f2adbce1420ba8b126d40dcc83
CloudFormation signaled successfully with status SUCCESS
[2025-01-30T11:41:33.173Z] Tailing /var/log/eb-engine.log

******************* eb-engine taillog *******************
2025/01/30 11:41:32.112370 [INFO] 1001

2025/01/30 11:41:32.112519 [INFO] configure bundle log for healthd...
2025/01/30 11:41:32.112566 [INFO] Executing instruction: GetSetupProxyLog
2025/01/30 11:41:32.112624 [INFO] Skipping Install yum packages
2025/01/30 11:41:32.112629 [INFO] Skipping Install Python Bundle
2025/01/30 11:41:32.112633 [INFO] Skipping Configure Python site-packages
2025/01/30 11:41:32.112636 [INFO] Skipping Install Python Modules
2025/01/30 11:41:32.112640 [INFO] Skipping MarkBaked
2025/01/30 11:41:32.112645 [INFO] Instance has NOT been bootstrapped
2025/01/30 11:41:32.112647 [INFO] Executing instruction: TuneSystemSettings
2025/01/30 11:41:32.112649 [INFO] Starting TuneSystemSettings
2025/01/30 11:41:32.112652 [INFO] Instance has NOT been bootstrapped
2025/01/30 11:41:32.114002 [INFO] Executing instruction: GetSetupLogRotate
2025/01/30 11:41:32.114006 [INFO] Initialize LogRotate files and directories
2025/01/30 11:41:32.130221 [INFO] Instance has NOT been bootstrapped
2025/01/30 11:41:32.130230 [INFO] Executing instruction: BootstrapCFNHup
2025/01/30 11:41:32.130232 [INFO] Bootstrap cfn-hup
2025/01/30 11:41:32.131813 [INFO] Copying file /opt/elasticbeanstalk/config/private/aws-eb-command-handler.conf to /etc/cfn/hooks.d/aws-eb-command-handler.conf
2025/01/30 11:41:32.133507 [INFO] Executing instruction: StartCFNHup
2025/01/30 11:41:32.133513 [INFO] Start cfn-hup
2025/01/30 11:41:32.133526 [INFO] Running command: systemctl show -p PartOf cfn-hup.service
2025/01/30 11:41:32.145920 [INFO] cfn-hup is not registered with EB yet, registering it now
2025/01/30 11:41:32.145949 [INFO] Running command: systemctl show -p PartOf cfn-hup.service
2025/01/30 11:41:32.158591 [INFO] Running command: systemctl daemon-reload
2025/01/30 11:41:32.360923 [INFO] Running command: systemctl reset-failed
2025/01/30 11:41:32.368396 [INFO] Running command: systemctl is-enabled aws-eb.target
2025/01/30 11:41:32.375051 [INFO] Running command: systemctl enable aws-eb.target
2025/01/30 11:41:32.562544 [INFO] Running command: systemctl start aws-eb.target
2025/01/30 11:41:32.570716 [INFO] Running command: systemctl enable cfn-hup.service
2025/01/30 11:41:32.764298 [INFO] Created symlink /etc/systemd/system/multi-user.target.wants/cfn-hup.service → /etc/systemd/system/cfn-hup.service.

2025/01/30 11:41:32.764329 [INFO] Running command: systemctl is-active cfn-hup.service
2025/01/30 11:41:32.771387 [INFO] cfn-hup process is not running, starting it now
2025/01/30 11:41:32.771403 [INFO] Running command: systemctl show -p PartOf cfn-hup.service
2025/01/30 11:41:32.780309 [INFO] Running command: systemctl is-active cfn-hup.service
2025/01/30 11:41:32.786789 [INFO] Running command: systemctl start cfn-hup.service
2025/01/30 11:41:32.869672 [INFO] Instance has NOT been bootstrapped
2025/01/30 11:41:32.869689 [INFO] Executing instruction: SetupPublishLogCronjob
2025/01/30 11:41:32.869692 [INFO] Setup publish logs cron job...
2025/01/30 11:41:32.869698 [INFO] Copying file /opt/elasticbeanstalk/config/private/logtasks/cron/publishlogs to /etc/cron.d/publishlogs
2025/01/30 11:41:32.871518 [INFO] Instance has NOT been bootstrapped
2025/01/30 11:41:32.871527 [INFO] Executing instruction: MarkBootstrapped
2025/01/30 11:41:32.871529 [INFO] Starting MarkBootstrapped
2025/01/30 11:41:32.871533 [INFO] Instance has NOT been bootstrapped
2025/01/30 11:41:32.871619 [INFO] Marked instance as Bootstrapped
2025/01/30 11:41:32.871623 [INFO] Executing instruction: Save CFN Stack Info
2025/01/30 11:41:32.871660 [INFO] Executing cleanup logic
2025/01/30 11:41:32.871668 [INFO] Platform Engine finished execution on command: env-launch
******************* End of taillog *******************


[2025-01-30T11:41:33.180Z] Tailing /var/log/eb-tools.log

******************* eb-tools taillog *******************
***eb-tools is not available yet.***
******************* End of taillog *******************


[2025-01-30T11:41:33.182Z] Tailing /var/log/eb-hooks.log

******************* eb-hooks taillog *******************
***eb-hooks is not available yet.***
******************* End of taillog *******************


[2025-01-30T11:41:33.184Z] Tailing /var/log/cfn-init.log

******************* cfn-init taillog *******************
2025-01-30 11:41:14,288 [INFO] -----------------------Starting build-----------------------
2025-01-30 11:41:14,293 [INFO] Running configSets: _OnInstanceBoot
2025-01-30 11:41:14,296 [INFO] Running configSet _OnInstanceBoot
2025-01-30 11:41:14,305 [INFO] Running config AWSEBBaseConfig
2025-01-30 11:41:30,282 [INFO] Command clearbackupfiles succeeded
2025-01-30 11:41:30,286 [INFO] Running config AWSEBCfnHupEndpointOverride
2025-01-30 11:41:30,291 [INFO] Command clearbackupfiles succeeded
2025-01-30 11:41:30,292 [INFO] ConfigSets completed
2025-01-30 11:41:30,292 [INFO] -----------------------Build complete-----------------------
******************* End of taillog *******************


[2025-01-30T11:41:33.187Z] Tailing /var/log/cfn-hup.log

******************* cfn-hup taillog *******************
2025-01-30 11:41:33,053 [DEBUG] CloudFormation client initialized with endpoint https://cloudformation.us-east-1.amazonaws.com
2025-01-30 11:41:33,054 [DEBUG] SQS client initialized with endpoint https://sqs.us-east-1.amazonaws.com
2025-01-30 11:41:33,054 [DEBUG] CloudFormation client initialized with endpoint https://cloudformation.us-east-1.amazonaws.com
2025-01-30 11:41:33,054 [DEBUG] Enabled single threading mode.
2025-01-30 11:41:33,054 [DEBUG] Creating /var/lib/cfn-hup/data
2025-01-30 11:41:33,067 [INFO] No umask value specified in config file. Using the default one: 0o22
2025-01-30 11:41:33,097 [INFO] Pid: 1897
******************* End of taillog *******************


[2025-01-30T11:41:33.190Z] Completed EB Bootstrapping Script.
+ RESULT=0
+ [[ 0 -ne 0 ]]
+ exit 0
