Jan 30 11:43:55 ip-172-31-91-158 web[2320]: [2025-01-30 11:43:55 +0000] [2320] [INFO] Starting gunicorn 23.0.0
Jan 30 11:43:55 ip-172-31-91-158 web[2320]: [2025-01-30 11:43:55 +0000] [2320] [INFO] Listening at: http://127.0.0.1:8000 (2320)
Jan 30 11:43:55 ip-172-31-91-158 web[2320]: [2025-01-30 11:43:55 +0000] [2320] [INFO] Using worker: gthread
Jan 30 11:43:55 ip-172-31-91-158 web[2328]: [2025-01-30 11:43:55 +0000] [2328] [INFO] Booting worker with pid: 2328
Jan 30 11:43:55 ip-172-31-91-158 web[2328]: [2025-01-30 11:43:55 +0000] [2328] [ERROR] Exception in worker process
Jan 30 11:43:55 ip-172-31-91-158 web[2328]: Traceback (most recent call last):
Jan 30 11:43:55 ip-172-31-91-158 web[2328]:  File "/var/app/venv/staging-LQM1lest/lib64/python3.12/site-packages/gunicorn/arbiter.py", line 608, in spawn_worker
Jan 30 11:43:55 ip-172-31-91-158 web[2328]:    worker.init_process()
Jan 30 11:43:55 ip-172-31-91-158 web[2328]:  File "/var/app/venv/staging-LQM1lest/lib64/python3.12/site-packages/gunicorn/workers/gthread.py", line 94, in init_process
Jan 30 11:43:55 ip-172-31-91-158 web[2328]:    super().init_process()
Jan 30 11:43:55 ip-172-31-91-158 web[2328]:  File "/var/app/venv/staging-LQM1lest/lib64/python3.12/site-packages/gunicorn/workers/base.py", line 135, in init_process
Jan 30 11:43:55 ip-172-31-91-158 web[2328]:    self.load_wsgi()
Jan 30 11:43:55 ip-172-31-91-158 web[2328]:  File "/var/app/venv/staging-LQM1lest/lib64/python3.12/site-packages/gunicorn/workers/base.py", line 147, in load_wsgi
Jan 30 11:43:55 ip-172-31-91-158 web[2328]:    self.wsgi = self.app.wsgi()
Jan 30 11:43:55 ip-172-31-91-158 web[2328]:                ^^^^^^^^^^^^^^^
Jan 30 11:43:55 ip-172-31-91-158 web[2328]:  File "/var/app/venv/staging-LQM1lest/lib64/python3.12/site-packages/gunicorn/app/base.py", line 66, in wsgi
Jan 30 11:43:55 ip-172-31-91-158 web[2328]:    self.callable = self.load()
Jan 30 11:43:55 ip-172-31-91-158 web[2328]:                    ^^^^^^^^^^^
Jan 30 11:43:55 ip-172-31-91-158 web[2328]:  File "/var/app/venv/staging-LQM1lest/lib64/python3.12/site-packages/gunicorn/app/wsgiapp.py", line 57, in load
Jan 30 11:43:55 ip-172-31-91-158 web[2328]:    return self.load_wsgiapp()
Jan 30 11:43:55 ip-172-31-91-158 web[2328]:           ^^^^^^^^^^^^^^^^^^^
Jan 30 11:43:55 ip-172-31-91-158 web[2328]:  File "/var/app/venv/staging-LQM1lest/lib64/python3.12/site-packages/gunicorn/app/wsgiapp.py", line 47, in load_wsgiapp
Jan 30 11:43:55 ip-172-31-91-158 web[2328]:    return util.import_app(self.app_uri)
Jan 30 11:43:55 ip-172-31-91-158 web[2328]:           ^^^^^^^^^^^^^^^^^^^^^^^^^^^^^
Jan 30 11:43:55 ip-172-31-91-158 web[2328]:  File "/var/app/venv/staging-LQM1lest/lib64/python3.12/site-packages/gunicorn/util.py", line 370, in import_app
Jan 30 11:43:55 ip-172-31-91-158 web[2328]:    mod = importlib.import_module(module)
Jan 30 11:43:55 ip-172-31-91-158 web[2328]:          ^^^^^^^^^^^^^^^^^^^^^^^^^^^^^^^
Jan 30 11:43:55 ip-172-31-91-158 web[2328]:  File "/usr/lib64/python3.12/importlib/__init__.py", line 90, in import_module
Jan 30 11:43:55 ip-172-31-91-158 web[2328]:    return _bootstrap._gcd_import(name[level:], package, level)
Jan 30 11:43:55 ip-172-31-91-158 web[2328]:           ^^^^^^^^^^^^^^^^^^^^^^^^^^^^^^^^^^^^^^^^^^^^^^^^^^^^
Jan 30 11:43:55 ip-172-31-91-158 web[2328]:  File "<frozen importlib._bootstrap>", line 1387, in _gcd_import
Jan 30 11:43:55 ip-172-31-91-158 web[2328]:  File "<frozen importlib._bootstrap>", line 1360, in _find_and_load
Jan 30 11:43:55 ip-172-31-91-158 web[2328]:  File "<frozen importlib._bootstrap>", line 1324, in _find_and_load_unlocked
Jan 30 11:43:55 ip-172-31-91-158 web[2328]: ModuleNotFoundError: No module named 'application'
Jan 30 11:43:55 ip-172-31-91-158 web[2328]: [2025-01-30 11:43:55 +0000] [2328] [INFO] Worker exiting (pid: 2328)
Jan 30 11:43:55 ip-172-31-91-158 web[2320]: [2025-01-30 11:43:55 +0000] [2320] [ERROR] Worker (pid:2328) exited with code 3
Jan 30 11:43:55 ip-172-31-91-158 web[2320]: [2025-01-30 11:43:55 +0000] [2320] [ERROR] Shutting down: Master
Jan 30 11:43:55 ip-172-31-91-158 web[2320]: [2025-01-30 11:43:55 +0000] [2320] [ERROR] Reason: Worker failed to boot.
Jan 30 11:43:55 ip-172-31-91-158 web[2361]: [2025-01-30 11:43:55 +0000] [2361] [INFO] Starting gunicorn 23.0.0
Jan 30 11:43:55 ip-172-31-91-158 web[2361]: [2025-01-30 11:43:55 +0000] [2361] [INFO] Listening at: http://127.0.0.1:8000 (2361)
Jan 30 11:43:55 ip-172-31-91-158 web[2361]: [2025-01-30 11:43:55 +0000] [2361] [INFO] Using worker: gthread
Jan 30 11:43:55 ip-172-31-91-158 web[2379]: [2025-01-30 11:43:55 +0000] [2379] [INFO] Booting worker with pid: 2379
Jan 30 11:43:55 ip-172-31-91-158 web[2379]: [2025-01-30 11:43:55 +0000] [2379] [ERROR] Exception in worker process
Jan 30 11:43:55 ip-172-31-91-158 web[2379]: Traceback (most recent call last):
Jan 30 11:43:55 ip-172-31-91-158 web[2379]:  File "/var/app/venv/staging-LQM1lest/lib64/python3.12/site-packages/gunicorn/arbiter.py", line 608, in spawn_worker
Jan 30 11:43:55 ip-172-31-91-158 web[2379]:    worker.init_process()
Jan 30 11:43:55 ip-172-31-91-158 web[2379]:  File "/var/app/venv/staging-LQM1lest/lib64/python3.12/site-packages/gunicorn/workers/gthread.py", line 94, in init_process
Jan 30 11:43:55 ip-172-31-91-158 web[2379]:    super().init_process()
Jan 30 11:43:55 ip-172-31-91-158 web[2379]:  File "/var/app/venv/staging-LQM1lest/lib64/python3.12/site-packages/gunicorn/workers/base.py", line 135, in init_process
Jan 30 11:43:55 ip-172-31-91-158 web[2379]:    self.load_wsgi()
Jan 30 11:43:55 ip-172-31-91-158 web[2379]:  File "/var/app/venv/staging-LQM1lest/lib64/python3.12/site-packages/gunicorn/workers/base.py", line 147, in load_wsgi
Jan 30 11:43:55 ip-172-31-91-158 web[2379]:    self.wsgi = self.app.wsgi()
Jan 30 11:43:55 ip-172-31-91-158 web[2379]:                ^^^^^^^^^^^^^^^
Jan 30 11:43:55 ip-172-31-91-158 web[2379]:  File "/var/app/venv/staging-LQM1lest/lib64/python3.12/site-packages/gunicorn/app/base.py", line 66, in wsgi
Jan 30 11:43:55 ip-172-31-91-158 web[2379]:    self.callable = self.load()
Jan 30 11:43:55 ip-172-31-91-158 web[2379]:                    ^^^^^^^^^^^
Jan 30 11:43:55 ip-172-31-91-158 web[2379]:  File "/var/app/venv/staging-LQM1lest/lib64/python3.12/site-packages/gunicorn/app/wsgiapp.py", line 57, in load
Jan 30 11:43:55 ip-172-31-91-158 web[2379]:    return self.load_wsgiapp()
Jan 30 11:43:55 ip-172-31-91-158 web[2379]:           ^^^^^^^^^^^^^^^^^^^
Jan 30 11:43:55 ip-172-31-91-158 web[2379]:  File "/var/app/venv/staging-LQM1lest/lib64/python3.12/site-packages/gunicorn/app/wsgiapp.py", line 47, in load_wsgiapp
Jan 30 11:43:55 ip-172-31-91-158 web[2379]:    return util.import_app(self.app_uri)
Jan 30 11:43:55 ip-172-31-91-158 web[2379]:           ^^^^^^^^^^^^^^^^^^^^^^^^^^^^^
Jan 30 11:43:55 ip-172-31-91-158 web[2379]:  File "/var/app/venv/staging-LQM1lest/lib64/python3.12/site-packages/gunicorn/util.py", line 370, in import_app
Jan 30 11:43:55 ip-172-31-91-158 web[2379]:    mod = importlib.import_module(module)
Jan 30 11:43:55 ip-172-31-91-158 web[2379]:          ^^^^^^^^^^^^^^^^^^^^^^^^^^^^^^^
Jan 30 11:43:55 ip-172-31-91-158 web[2379]:  File "/usr/lib64/python3.12/importlib/__init__.py", line 90, in import_module
Jan 30 11:43:55 ip-172-31-91-158 web[2379]:    return _bootstrap._gcd_import(name[level:], package, level)
Jan 30 11:43:55 ip-172-31-91-158 web[2379]:           ^^^^^^^^^^^^^^^^^^^^^^^^^^^^^^^^^^^^^^^^^^^^^^^^^^^^
Jan 30 11:43:55 ip-172-31-91-158 web[2379]:  File "<frozen importlib._bootstrap>", line 1387, in _gcd_import
Jan 30 11:43:55 ip-172-31-91-158 web[2379]:  File "<frozen importlib._bootstrap>", line 1360, in _find_and_load
Jan 30 11:43:55 ip-172-31-91-158 web[2379]:  File "<frozen importlib._bootstrap>", line 1324, in _find_and_load_unlocked
Jan 30 11:43:55 ip-172-31-91-158 web[2379]: ModuleNotFoundError: No module named 'application'
Jan 30 11:43:55 ip-172-31-91-158 web[2379]: [2025-01-30 11:43:55 +0000] [2379] [INFO] Worker exiting (pid: 2379)
Jan 30 11:43:55 ip-172-31-91-158 web[2361]: [2025-01-30 11:43:55 +0000] [2361] [ERROR] Worker (pid:2379) exited with code 3
Jan 30 11:43:55 ip-172-31-91-158 web[2361]: [2025-01-30 11:43:55 +0000] [2361] [ERROR] Shutting down: Master
Jan 30 11:43:55 ip-172-31-91-158 web[2361]: [2025-01-30 11:43:55 +0000] [2361] [ERROR] Reason: Worker failed to boot.
Jan 30 11:43:56 ip-172-31-91-158 web[2383]: [2025-01-30 11:43:56 +0000] [2383] [INFO] Starting gunicorn 23.0.0
Jan 30 11:43:56 ip-172-31-91-158 web[2383]: [2025-01-30 11:43:56 +0000] [2383] [INFO] Listening at: http://127.0.0.1:8000 (2383)
Jan 30 11:43:56 ip-172-31-91-158 web[2383]: [2025-01-30 11:43:56 +0000] [2383] [INFO] Using worker: gthread
Jan 30 11:43:56 ip-172-31-91-158 web[2387]: [2025-01-30 11:43:56 +0000] [2387] [INFO] Booting worker with pid: 2387
Jan 30 11:43:56 ip-172-31-91-158 web[2387]: [2025-01-30 11:43:56 +0000] [2387] [ERROR] Exception in worker process
Jan 30 11:43:56 ip-172-31-91-158 web[2387]: Traceback (most recent call last):
Jan 30 11:43:56 ip-172-31-91-158 web[2387]:  File "/var/app/venv/staging-LQM1lest/lib64/python3.12/site-packages/gunicorn/arbiter.py", line 608, in spawn_worker
Jan 30 11:43:56 ip-172-31-91-158 web[2387]:    worker.init_process()
Jan 30 11:43:56 ip-172-31-91-158 web[2387]:  File "/var/app/venv/staging-LQM1lest/lib64/python3.12/site-packages/gunicorn/workers/gthread.py", line 94, in init_process
Jan 30 11:43:56 ip-172-31-91-158 web[2387]:    super().init_process()
Jan 30 11:43:56 ip-172-31-91-158 web[2387]:  File "/var/app/venv/staging-LQM1lest/lib64/python3.12/site-packages/gunicorn/workers/base.py", line 135, in init_process
Jan 30 11:43:56 ip-172-31-91-158 web[2387]:    self.load_wsgi()
Jan 30 11:43:56 ip-172-31-91-158 web[2387]:  File "/var/app/venv/staging-LQM1lest/lib64/python3.12/site-packages/gunicorn/workers/base.py", line 147, in load_wsgi
Jan 30 11:43:56 ip-172-31-91-158 web[2387]:    self.wsgi = self.app.wsgi()
Jan 30 11:43:56 ip-172-31-91-158 web[2387]:                ^^^^^^^^^^^^^^^
Jan 30 11:43:56 ip-172-31-91-158 web[2387]:  File "/var/app/venv/staging-LQM1lest/lib64/python3.12/site-packages/gunicorn/app/base.py", line 66, in wsgi
Jan 30 11:43:56 ip-172-31-91-158 web[2387]:    self.callable = self.load()
Jan 30 11:43:56 ip-172-31-91-158 web[2387]:                    ^^^^^^^^^^^
Jan 30 11:43:56 ip-172-31-91-158 web[2387]:  File "/var/app/venv/staging-LQM1lest/lib64/python3.12/site-packages/gunicorn/app/wsgiapp.py", line 57, in load
Jan 30 11:43:56 ip-172-31-91-158 web[2387]:    return self.load_wsgiapp()
Jan 30 11:43:56 ip-172-31-91-158 web[2387]:           ^^^^^^^^^^^^^^^^^^^
Jan 30 11:43:56 ip-172-31-91-158 web[2387]:  File "/var/app/venv/staging-LQM1lest/lib64/python3.12/site-packages/gunicorn/app/wsgiapp.py", line 47, in load_wsgiapp
Jan 30 11:43:56 ip-172-31-91-158 web[2387]:    return util.import_app(self.app_uri)
Jan 30 11:43:56 ip-172-31-91-158 web[2387]:           ^^^^^^^^^^^^^^^^^^^^^^^^^^^^^
Jan 30 11:43:56 ip-172-31-91-158 web[2387]:  File "/var/app/venv/staging-LQM1lest/lib64/python3.12/site-packages/gunicorn/util.py", line 370, in import_app
Jan 30 11:43:56 ip-172-31-91-158 web[2387]:    mod = importlib.import_module(module)
Jan 30 11:43:56 ip-172-31-91-158 web[2387]:          ^^^^^^^^^^^^^^^^^^^^^^^^^^^^^^^
Jan 30 11:43:56 ip-172-31-91-158 web[2387]:  File "/usr/lib64/python3.12/importlib/__init__.py", line 90, in import_module
Jan 30 11:43:56 ip-172-31-91-158 web[2387]:    return _bootstrap._gcd_import(name[level:], package, level)
Jan 30 11:43:56 ip-172-31-91-158 web[2387]:           ^^^^^^^^^^^^^^^^^^^^^^^^^^^^^^^^^^^^^^^^^^^^^^^^^^^^
Jan 30 11:43:56 ip-172-31-91-158 web[2387]:  File "<frozen importlib._bootstrap>", line 1387, in _gcd_import
Jan 30 11:43:56 ip-172-31-91-158 web[2387]:  File "<frozen importlib._bootstrap>", line 1360, in _find_and_load
Jan 30 11:43:56 ip-172-31-91-158 web[2387]:  File "<frozen importlib._bootstrap>", line 1324, in _find_and_load_unlocked
Jan 30 11:43:56 ip-172-31-91-158 web[2387]: ModuleNotFoundError: No module named 'application'
Jan 30 11:43:56 ip-172-31-91-158 web[2387]: [2025-01-30 11:43:56 +0000] [2387] [INFO] Worker exiting (pid: 2387)
Jan 30 11:43:56 ip-172-31-91-158 web[2383]: [2025-01-30 11:43:56 +0000] [2383] [ERROR] Worker (pid:2387) exited with code 3
Jan 30 11:43:56 ip-172-31-91-158 web[2383]: [2025-01-30 11:43:56 +0000] [2383] [ERROR] Shutting down: Master
Jan 30 11:43:56 ip-172-31-91-158 web[2383]: [2025-01-30 11:43:56 +0000] [2383] [ERROR] Reason: Worker failed to boot.
Jan 30 11:43:56 ip-172-31-91-158 web[2389]: [2025-01-30 11:43:56 +0000] [2389] [INFO] Starting gunicorn 23.0.0
Jan 30 11:43:56 ip-172-31-91-158 web[2389]: [2025-01-30 11:43:56 +0000] [2389] [INFO] Listening at: http://127.0.0.1:8000 (2389)
Jan 30 11:43:56 ip-172-31-91-158 web[2389]: [2025-01-30 11:43:56 +0000] [2389] [INFO] Using worker: gthread
Jan 30 11:43:56 ip-172-31-91-158 web[2393]: [2025-01-30 11:43:56 +0000] [2393] [INFO] Booting worker with pid: 2393
Jan 30 11:43:56 ip-172-31-91-158 web[2393]: [2025-01-30 11:43:56 +0000] [2393] [ERROR] Exception in worker process
Jan 30 11:43:56 ip-172-31-91-158 web[2393]: Traceback (most recent call last):
Jan 30 11:43:56 ip-172-31-91-158 web[2393]:  File "/var/app/venv/staging-LQM1lest/lib64/python3.12/site-packages/gunicorn/arbiter.py", line 608, in spawn_worker
Jan 30 11:43:56 ip-172-31-91-158 web[2393]:    worker.init_process()
Jan 30 11:43:56 ip-172-31-91-158 web[2393]:  File "/var/app/venv/staging-LQM1lest/lib64/python3.12/site-packages/gunicorn/workers/gthread.py", line 94, in init_process
Jan 30 11:43:56 ip-172-31-91-158 web[2393]:    super().init_process()
Jan 30 11:43:56 ip-172-31-91-158 web[2393]:  File "/var/app/venv/staging-LQM1lest/lib64/python3.12/site-packages/gunicorn/workers/base.py", line 135, in init_process
Jan 30 11:43:56 ip-172-31-91-158 web[2393]:    self.load_wsgi()
Jan 30 11:43:56 ip-172-31-91-158 web[2393]:  File "/var/app/venv/staging-LQM1lest/lib64/python3.12/site-packages/gunicorn/workers/base.py", line 147, in load_wsgi
Jan 30 11:43:56 ip-172-31-91-158 web[2393]:    self.wsgi = self.app.wsgi()
Jan 30 11:43:56 ip-172-31-91-158 web[2393]:                ^^^^^^^^^^^^^^^
Jan 30 11:43:56 ip-172-31-91-158 web[2393]:  File "/var/app/venv/staging-LQM1lest/lib64/python3.12/site-packages/gunicorn/app/base.py", line 66, in wsgi
Jan 30 11:43:56 ip-172-31-91-158 web[2393]:    self.callable = self.load()
Jan 30 11:43:56 ip-172-31-91-158 web[2393]:                    ^^^^^^^^^^^
Jan 30 11:43:56 ip-172-31-91-158 web[2393]:  File "/var/app/venv/staging-LQM1lest/lib64/python3.12/site-packages/gunicorn/app/wsgiapp.py", line 57, in load
Jan 30 11:43:56 ip-172-31-91-158 web[2393]:    return self.load_wsgiapp()
Jan 30 11:43:56 ip-172-31-91-158 web[2393]:           ^^^^^^^^^^^^^^^^^^^
Jan 30 11:43:56 ip-172-31-91-158 web[2393]:  File "/var/app/venv/staging-LQM1lest/lib64/python3.12/site-packages/gunicorn/app/wsgiapp.py", line 47, in load_wsgiapp
Jan 30 11:43:56 ip-172-31-91-158 web[2393]:    return util.import_app(self.app_uri)
Jan 30 11:43:56 ip-172-31-91-158 web[2393]:           ^^^^^^^^^^^^^^^^^^^^^^^^^^^^^
Jan 30 11:43:56 ip-172-31-91-158 web[2393]:  File "/var/app/venv/staging-LQM1lest/lib64/python3.12/site-packages/gunicorn/util.py", line 370, in import_app
Jan 30 11:43:56 ip-172-31-91-158 web[2393]:    mod = importlib.import_module(module)
Jan 30 11:43:56 ip-172-31-91-158 web[2393]:          ^^^^^^^^^^^^^^^^^^^^^^^^^^^^^^^
Jan 30 11:43:56 ip-172-31-91-158 web[2393]:  File "/usr/lib64/python3.12/importlib/__init__.py", line 90, in import_module
Jan 30 11:43:56 ip-172-31-91-158 web[2393]:    return _bootstrap._gcd_import(name[level:], package, level)
Jan 30 11:43:56 ip-172-31-91-158 web[2393]:           ^^^^^^^^^^^^^^^^^^^^^^^^^^^^^^^^^^^^^^^^^^^^^^^^^^^^
Jan 30 11:43:56 ip-172-31-91-158 web[2393]:  File "<frozen importlib._bootstrap>", line 1387, in _gcd_import
Jan 30 11:43:56 ip-172-31-91-158 web[2393]:  File "<frozen importlib._bootstrap>", line 1360, in _find_and_load
Jan 30 11:43:56 ip-172-31-91-158 web[2393]:  File "<frozen importlib._bootstrap>", line 1324, in _find_and_load_unlocked
Jan 30 11:43:56 ip-172-31-91-158 web[2393]: ModuleNotFoundError: No module named 'application'
Jan 30 11:43:56 ip-172-31-91-158 web[2393]: [2025-01-30 11:43:56 +0000] [2393] [INFO] Worker exiting (pid: 2393)
Jan 30 11:43:56 ip-172-31-91-158 web[2389]: [2025-01-30 11:43:56 +0000] [2389] [ERROR] Worker (pid:2393) exited with code 3
Jan 30 11:43:56 ip-172-31-91-158 web[2389]: [2025-01-30 11:43:56 +0000] [2389] [ERROR] Shutting down: Master
Jan 30 11:43:56 ip-172-31-91-158 web[2389]: [2025-01-30 11:43:56 +0000] [2389] [ERROR] Reason: Worker failed to boot.
Jan 30 11:43:57 ip-172-31-91-158 web[2395]: [2025-01-30 11:43:57 +0000] [2395] [INFO] Starting gunicorn 23.0.0
Jan 30 11:43:57 ip-172-31-91-158 web[2395]: [2025-01-30 11:43:57 +0000] [2395] [INFO] Listening at: http://127.0.0.1:8000 (2395)
Jan 30 11:43:57 ip-172-31-91-158 web[2395]: [2025-01-30 11:43:57 +0000] [2395] [INFO] Using worker: gthread
Jan 30 11:43:57 ip-172-31-91-158 web[2399]: [2025-01-30 11:43:57 +0000] [2399] [INFO] Booting worker with pid: 2399
Jan 30 11:43:57 ip-172-31-91-158 web[2399]: [2025-01-30 11:43:57 +0000] [2399] [ERROR] Exception in worker process
Jan 30 11:43:57 ip-172-31-91-158 web[2399]: Traceback (most recent call last):
Jan 30 11:43:57 ip-172-31-91-158 web[2399]:  File "/var/app/venv/staging-LQM1lest/lib64/python3.12/site-packages/gunicorn/arbiter.py", line 608, in spawn_worker
Jan 30 11:43:57 ip-172-31-91-158 web[2399]:    worker.init_process()
Jan 30 11:43:57 ip-172-31-91-158 web[2399]:  File "/var/app/venv/staging-LQM1lest/lib64/python3.12/site-packages/gunicorn/workers/gthread.py", line 94, in init_process
Jan 30 11:43:57 ip-172-31-91-158 web[2399]:    super().init_process()
Jan 30 11:43:57 ip-172-31-91-158 web[2399]:  File "/var/app/venv/staging-LQM1lest/lib64/python3.12/site-packages/gunicorn/workers/base.py", line 135, in init_process
Jan 30 11:43:57 ip-172-31-91-158 web[2399]:    self.load_wsgi()
Jan 30 11:43:57 ip-172-31-91-158 web[2399]:  File "/var/app/venv/staging-LQM1lest/lib64/python3.12/site-packages/gunicorn/workers/base.py", line 147, in load_wsgi
Jan 30 11:43:57 ip-172-31-91-158 web[2399]:    self.wsgi = self.app.wsgi()
Jan 30 11:43:57 ip-172-31-91-158 web[2399]:                ^^^^^^^^^^^^^^^
Jan 30 11:43:57 ip-172-31-91-158 web[2399]:  File "/var/app/venv/staging-LQM1lest/lib64/python3.12/site-packages/gunicorn/app/base.py", line 66, in wsgi
Jan 30 11:43:57 ip-172-31-91-158 web[2399]:    self.callable = self.load()
Jan 30 11:43:57 ip-172-31-91-158 web[2399]:                    ^^^^^^^^^^^
Jan 30 11:43:57 ip-172-31-91-158 web[2399]:  File "/var/app/venv/staging-LQM1lest/lib64/python3.12/site-packages/gunicorn/app/wsgiapp.py", line 57, in load
Jan 30 11:43:57 ip-172-31-91-158 web[2399]:    return self.load_wsgiapp()
Jan 30 11:43:57 ip-172-31-91-158 web[2399]:           ^^^^^^^^^^^^^^^^^^^
Jan 30 11:43:57 ip-172-31-91-158 web[2399]:  File "/var/app/venv/staging-LQM1lest/lib64/python3.12/site-packages/gunicorn/app/wsgiapp.py", line 47, in load_wsgiapp
Jan 30 11:43:57 ip-172-31-91-158 web[2399]:    return util.import_app(self.app_uri)
Jan 30 11:43:57 ip-172-31-91-158 web[2399]:           ^^^^^^^^^^^^^^^^^^^^^^^^^^^^^
Jan 30 11:43:57 ip-172-31-91-158 web[2399]:  File "/var/app/venv/staging-LQM1lest/lib64/python3.12/site-packages/gunicorn/util.py", line 370, in import_app
Jan 30 11:43:57 ip-172-31-91-158 web[2399]:    mod = importlib.import_module(module)
Jan 30 11:43:57 ip-172-31-91-158 web[2399]:          ^^^^^^^^^^^^^^^^^^^^^^^^^^^^^^^
Jan 30 11:43:57 ip-172-31-91-158 web[2399]:  File "/usr/lib64/python3.12/importlib/__init__.py", line 90, in import_module
Jan 30 11:43:57 ip-172-31-91-158 web[2399]:    return _bootstrap._gcd_import(name[level:], package, level)
Jan 30 11:43:57 ip-172-31-91-158 web[2399]:           ^^^^^^^^^^^^^^^^^^^^^^^^^^^^^^^^^^^^^^^^^^^^^^^^^^^^
Jan 30 11:43:57 ip-172-31-91-158 web[2399]:  File "<frozen importlib._bootstrap>", line 1387, in _gcd_import
Jan 30 11:43:57 ip-172-31-91-158 web[2399]:  File "<frozen importlib._bootstrap>", line 1360, in _find_and_load
Jan 30 11:43:57 ip-172-31-91-158 web[2399]:  File "<frozen importlib._bootstrap>", line 1324, in _find_and_load_unlocked
Jan 30 11:43:57 ip-172-31-91-158 web[2399]: ModuleNotFoundError: No module named 'application'
Jan 30 11:43:57 ip-172-31-91-158 web[2399]: [2025-01-30 11:43:57 +0000] [2399] [INFO] Worker exiting (pid: 2399)
Jan 30 11:43:57 ip-172-31-91-158 web[2395]: [2025-01-30 11:43:57 +0000] [2395] [ERROR] Worker (pid:2399) exited with code 3
Jan 30 11:43:57 ip-172-31-91-158 web[2395]: [2025-01-30 11:43:57 +0000] [2395] [ERROR] Shutting down: Master
Jan 30 11:43:57 ip-172-31-91-158 web[2395]: [2025-01-30 11:43:57 +0000] [2395] [ERROR] Reason: Worker failed to boot.
Jan 30 11:43:57 ip-172-31-91-158 web[2401]: [2025-01-30 11:43:57 +0000] [2401] [INFO] Starting gunicorn 23.0.0
Jan 30 11:43:57 ip-172-31-91-158 web[2401]: [2025-01-30 11:43:57 +0000] [2401] [INFO] Listening at: http://127.0.0.1:8000 (2401)
Jan 30 11:43:57 ip-172-31-91-158 web[2401]: [2025-01-30 11:43:57 +0000] [2401] [INFO] Using worker: gthread
Jan 30 11:43:57 ip-172-31-91-158 web[2405]: [2025-01-30 11:43:57 +0000] [2405] [INFO] Booting worker with pid: 2405
Jan 30 11:43:57 ip-172-31-91-158 web[2405]: [2025-01-30 11:43:57 +0000] [2405] [ERROR] Exception in worker process
Jan 30 11:43:57 ip-172-31-91-158 web[2405]: Traceback (most recent call last):
Jan 30 11:43:57 ip-172-31-91-158 web[2405]:  File "/var/app/venv/staging-LQM1lest/lib64/python3.12/site-packages/gunicorn/arbiter.py", line 608, in spawn_worker
Jan 30 11:43:57 ip-172-31-91-158 web[2405]:    worker.init_process()
Jan 30 11:43:57 ip-172-31-91-158 web[2405]:  File "/var/app/venv/staging-LQM1lest/lib64/python3.12/site-packages/gunicorn/workers/gthread.py", line 94, in init_process
Jan 30 11:43:57 ip-172-31-91-158 web[2405]:    super().init_process()
Jan 30 11:43:57 ip-172-31-91-158 web[2405]:  File "/var/app/venv/staging-LQM1lest/lib64/python3.12/site-packages/gunicorn/workers/base.py", line 135, in init_process
Jan 30 11:43:57 ip-172-31-91-158 web[2405]:    self.load_wsgi()
Jan 30 11:43:57 ip-172-31-91-158 web[2405]:  File "/var/app/venv/staging-LQM1lest/lib64/python3.12/site-packages/gunicorn/workers/base.py", line 147, in load_wsgi
Jan 30 11:43:57 ip-172-31-91-158 web[2405]:    self.wsgi = self.app.wsgi()
Jan 30 11:43:57 ip-172-31-91-158 web[2405]:                ^^^^^^^^^^^^^^^
Jan 30 11:43:57 ip-172-31-91-158 web[2405]:  File "/var/app/venv/staging-LQM1lest/lib64/python3.12/site-packages/gunicorn/app/base.py", line 66, in wsgi
Jan 30 11:43:57 ip-172-31-91-158 web[2405]:    self.callable = self.load()
Jan 30 11:43:57 ip-172-31-91-158 web[2405]:                    ^^^^^^^^^^^
Jan 30 11:43:57 ip-172-31-91-158 web[2405]:  File "/var/app/venv/staging-LQM1lest/lib64/python3.12/site-packages/gunicorn/app/wsgiapp.py", line 57, in load
Jan 30 11:43:57 ip-172-31-91-158 web[2405]:    return self.load_wsgiapp()
Jan 30 11:43:57 ip-172-31-91-158 web[2405]:           ^^^^^^^^^^^^^^^^^^^
Jan 30 11:43:57 ip-172-31-91-158 web[2405]:  File "/var/app/venv/staging-LQM1lest/lib64/python3.12/site-packages/gunicorn/app/wsgiapp.py", line 47, in load_wsgiapp
Jan 30 11:43:57 ip-172-31-91-158 web[2405]:    return util.import_app(self.app_uri)
Jan 30 11:43:57 ip-172-31-91-158 web[2405]:           ^^^^^^^^^^^^^^^^^^^^^^^^^^^^^
Jan 30 11:43:57 ip-172-31-91-158 web[2405]:  File "/var/app/venv/staging-LQM1lest/lib64/python3.12/site-packages/gunicorn/util.py", line 370, in import_app
Jan 30 11:43:57 ip-172-31-91-158 web[2405]:    mod = importlib.import_module(module)
Jan 30 11:43:57 ip-172-31-91-158 web[2405]:          ^^^^^^^^^^^^^^^^^^^^^^^^^^^^^^^
Jan 30 11:43:57 ip-172-31-91-158 web[2405]:  File "/usr/lib64/python3.12/importlib/__init__.py", line 90, in import_module
Jan 30 11:43:57 ip-172-31-91-158 web[2405]:    return _bootstrap._gcd_import(name[level:], package, level)
Jan 30 11:43:57 ip-172-31-91-158 web[2405]:           ^^^^^^^^^^^^^^^^^^^^^^^^^^^^^^^^^^^^^^^^^^^^^^^^^^^^
Jan 30 11:43:57 ip-172-31-91-158 web[2405]:  File "<frozen importlib._bootstrap>", line 1387, in _gcd_import
Jan 30 11:43:57 ip-172-31-91-158 web[2405]:  File "<frozen importlib._bootstrap>", line 1360, in _find_and_load
Jan 30 11:43:57 ip-172-31-91-158 web[2405]:  File "<frozen importlib._bootstrap>", line 1324, in _find_and_load_unlocked
Jan 30 11:43:57 ip-172-31-91-158 web[2405]: ModuleNotFoundError: No module named 'application'
Jan 30 11:43:57 ip-172-31-91-158 web[2405]: [2025-01-30 11:43:57 +0000] [2405] [INFO] Worker exiting (pid: 2405)
Jan 30 11:43:57 ip-172-31-91-158 web[2401]: [2025-01-30 11:43:57 +0000] [2401] [ERROR] Worker (pid:2405) exited with code 3
Jan 30 11:43:57 ip-172-31-91-158 web[2401]: [2025-01-30 11:43:57 +0000] [2401] [ERROR] Shutting down: Master
Jan 30 11:43:57 ip-172-31-91-158 web[2401]: [2025-01-30 11:43:57 +0000] [2401] [ERROR] Reason: Worker failed to boot.
Jan 30 11:49:36 ip-172-31-91-158 web[3037]: [2025-01-30 11:49:36 +0000] [3037] [INFO] Starting gunicorn 21.2.0
Jan 30 11:49:36 ip-172-31-91-158 web[3037]: [2025-01-30 11:49:36 +0000] [3037] [INFO] Listening at: http://127.0.0.1:8000 (3037)
Jan 30 11:49:36 ip-172-31-91-158 web[3037]: [2025-01-30 11:49:36 +0000] [3037] [INFO] Using worker: sync
Jan 30 11:49:36 ip-172-31-91-158 web[3045]: [2025-01-30 11:49:36 +0000] [3045] [INFO] Booting worker with pid: 3045
Jan 30 11:49:36 ip-172-31-91-158 web[3045]: Failed to find attribute 'server' in 'application'.
Jan 30 11:49:36 ip-172-31-91-158 web[3045]: [2025-01-30 11:49:36 +0000] [3045] [INFO] Worker exiting (pid: 3045)
Jan 30 11:49:36 ip-172-31-91-158 web[3037]: [2025-01-30 11:49:36 +0000] [3037] [ERROR] Worker (pid:3045) exited with code 4
Jan 30 11:49:36 ip-172-31-91-158 web[3037]: [2025-01-30 11:49:36 +0000] [3037] [ERROR] Shutting down: Master
Jan 30 11:49:36 ip-172-31-91-158 web[3037]: [2025-01-30 11:49:36 +0000] [3037] [ERROR] Reason: App failed to load.
Jan 30 11:49:37 ip-172-31-91-158 web[3094]: [2025-01-30 11:49:37 +0000] [3094] [INFO] Starting gunicorn 21.2.0
Jan 30 11:49:37 ip-172-31-91-158 web[3094]: [2025-01-30 11:49:37 +0000] [3094] [INFO] Listening at: http://127.0.0.1:8000 (3094)
Jan 30 11:49:37 ip-172-31-91-158 web[3094]: [2025-01-30 11:49:37 +0000] [3094] [INFO] Using worker: sync
Jan 30 11:49:37 ip-172-31-91-158 web[3098]: [2025-01-30 11:49:37 +0000] [3098] [INFO] Booting worker with pid: 3098
Jan 30 11:49:37 ip-172-31-91-158 web[3098]: Failed to find attribute 'server' in 'application'.
Jan 30 11:49:37 ip-172-31-91-158 web[3098]: [2025-01-30 11:49:37 +0000] [3098] [INFO] Worker exiting (pid: 3098)
Jan 30 11:49:37 ip-172-31-91-158 web[3094]: [2025-01-30 11:49:37 +0000] [3094] [ERROR] Worker (pid:3098) exited with code 4
Jan 30 11:49:37 ip-172-31-91-158 web[3094]: [2025-01-30 11:49:37 +0000] [3094] [ERROR] Shutting down: Master
Jan 30 11:49:37 ip-172-31-91-158 web[3094]: [2025-01-30 11:49:37 +0000] [3094] [ERROR] Reason: App failed to load.
Jan 30 11:49:38 ip-172-31-91-158 web[3101]: [2025-01-30 11:49:38 +0000] [3101] [INFO] Starting gunicorn 21.2.0
Jan 30 11:49:38 ip-172-31-91-158 web[3101]: [2025-01-30 11:49:38 +0000] [3101] [INFO] Listening at: http://127.0.0.1:8000 (3101)
Jan 30 11:49:38 ip-172-31-91-158 web[3101]: [2025-01-30 11:49:38 +0000] [3101] [INFO] Using worker: sync
Jan 30 11:49:38 ip-172-31-91-158 web[3105]: [2025-01-30 11:49:38 +0000] [3105] [INFO] Booting worker with pid: 3105
Jan 30 11:49:38 ip-172-31-91-158 web[3105]: Failed to find attribute 'server' in 'application'.
Jan 30 11:49:38 ip-172-31-91-158 web[3105]: [2025-01-30 11:49:38 +0000] [3105] [INFO] Worker exiting (pid: 3105)
Jan 30 11:49:38 ip-172-31-91-158 web[3101]: [2025-01-30 11:49:38 +0000] [3101] [ERROR] Worker (pid:3105) exited with code 4
Jan 30 11:49:38 ip-172-31-91-158 web[3101]: [2025-01-30 11:49:38 +0000] [3101] [ERROR] Shutting down: Master
Jan 30 11:49:38 ip-172-31-91-158 web[3101]: [2025-01-30 11:49:38 +0000] [3101] [ERROR] Reason: App failed to load.
Jan 30 11:49:38 ip-172-31-91-158 web[3107]: [2025-01-30 11:49:38 +0000] [3107] [INFO] Starting gunicorn 21.2.0
Jan 30 11:49:38 ip-172-31-91-158 web[3107]: [2025-01-30 11:49:38 +0000] [3107] [INFO] Listening at: http://127.0.0.1:8000 (3107)
Jan 30 11:49:38 ip-172-31-91-158 web[3107]: [2025-01-30 11:49:38 +0000] [3107] [INFO] Using worker: sync
Jan 30 11:49:38 ip-172-31-91-158 web[3111]: [2025-01-30 11:49:38 +0000] [3111] [INFO] Booting worker with pid: 3111
Jan 30 11:49:39 ip-172-31-91-158 web[3111]: Failed to find attribute 'server' in 'application'.
Jan 30 11:49:39 ip-172-31-91-158 web[3111]: [2025-01-30 11:49:39 +0000] [3111] [INFO] Worker exiting (pid: 3111)
Jan 30 11:49:39 ip-172-31-91-158 web[3107]: [2025-01-30 11:49:39 +0000] [3107] [ERROR] Worker (pid:3111) exited with code 4
Jan 30 11:49:39 ip-172-31-91-158 web[3107]: [2025-01-30 11:49:39 +0000] [3107] [ERROR] Shutting down: Master
Jan 30 11:49:39 ip-172-31-91-158 web[3107]: [2025-01-30 11:49:39 +0000] [3107] [ERROR] Reason: App failed to load.
Jan 30 11:49:39 ip-172-31-91-158 web[3114]: [2025-01-30 11:49:39 +0000] [3114] [INFO] Starting gunicorn 21.2.0
Jan 30 11:49:39 ip-172-31-91-158 web[3114]: [2025-01-30 11:49:39 +0000] [3114] [INFO] Listening at: http://127.0.0.1:8000 (3114)
Jan 30 11:49:39 ip-172-31-91-158 web[3114]: [2025-01-30 11:49:39 +0000] [3114] [INFO] Using worker: sync
Jan 30 11:49:39 ip-172-31-91-158 web[3118]: [2025-01-30 11:49:39 +0000] [3118] [INFO] Booting worker with pid: 3118
Jan 30 11:49:39 ip-172-31-91-158 web[3118]: Failed to find attribute 'server' in 'application'.
Jan 30 11:49:39 ip-172-31-91-158 web[3118]: [2025-01-30 11:49:39 +0000] [3118] [INFO] Worker exiting (pid: 3118)
Jan 30 11:49:39 ip-172-31-91-158 web[3114]: [2025-01-30 11:49:39 +0000] [3114] [ERROR] Worker (pid:3118) exited with code 4
Jan 30 11:49:39 ip-172-31-91-158 web[3114]: [2025-01-30 11:49:39 +0000] [3114] [ERROR] Shutting down: Master
Jan 30 11:49:39 ip-172-31-91-158 web[3114]: [2025-01-30 11:49:39 +0000] [3114] [ERROR] Reason: App failed to load.
Jan 30 11:49:40 ip-172-31-91-158 web[3120]: [2025-01-30 11:49:40 +0000] [3120] [INFO] Starting gunicorn 21.2.0
Jan 30 11:49:40 ip-172-31-91-158 web[3120]: [2025-01-30 11:49:40 +0000] [3120] [INFO] Listening at: http://127.0.0.1:8000 (3120)
Jan 30 11:49:40 ip-172-31-91-158 web[3120]: [2025-01-30 11:49:40 +0000] [3120] [INFO] Using worker: sync
Jan 30 11:49:40 ip-172-31-91-158 web[3124]: [2025-01-30 11:49:40 +0000] [3124] [INFO] Booting worker with pid: 3124
Jan 30 11:49:40 ip-172-31-91-158 web[3124]: Failed to find attribute 'server' in 'application'.
Jan 30 11:49:40 ip-172-31-91-158 web[3124]: [2025-01-30 11:49:40 +0000] [3124] [INFO] Worker exiting (pid: 3124)
Jan 30 11:49:40 ip-172-31-91-158 web[3120]: [2025-01-30 11:49:40 +0000] [3120] [ERROR] Worker (pid:3124) exited with code 4
Jan 30 11:49:40 ip-172-31-91-158 web[3120]: [2025-01-30 11:49:40 +0000] [3120] [ERROR] Shutting down: Master
Jan 30 11:49:40 ip-172-31-91-158 web[3120]: [2025-01-30 11:49:40 +0000] [3120] [ERROR] Reason: App failed to load.
Jan 30 11:55:42 ip-172-31-91-158 web[3824]: [2025-01-30 11:55:42 +0000] [3824] [INFO] Starting gunicorn 21.2.0
Jan 30 11:55:42 ip-172-31-91-158 web[3824]: [2025-01-30 11:55:42 +0000] [3824] [INFO] Listening at: http://127.0.0.1:8000 (3824)
Jan 30 11:55:42 ip-172-31-91-158 web[3824]: [2025-01-30 11:55:42 +0000] [3824] [INFO] Using worker: sync
Jan 30 11:55:42 ip-172-31-91-158 web[3849]: [2025-01-30 11:55:42 +0000] [3849] [INFO] Booting worker with pid: 3849
Jan 30 11:55:42 ip-172-31-91-158 web[3849]: Failed to find attribute 'server' in 'application'.
Jan 30 11:55:42 ip-172-31-91-158 web[3849]: [2025-01-30 11:55:42 +0000] [3849] [INFO] Worker exiting (pid: 3849)
Jan 30 11:55:42 ip-172-31-91-158 web[3824]: [2025-01-30 11:55:42 +0000] [3824] [ERROR] Worker (pid:3849) exited with code 4
Jan 30 11:55:42 ip-172-31-91-158 web[3824]: [2025-01-30 11:55:42 +0000] [3824] [ERROR] Shutting down: Master
Jan 30 11:55:42 ip-172-31-91-158 web[3824]: [2025-01-30 11:55:42 +0000] [3824] [ERROR] Reason: App failed to load.
Jan 30 11:55:42 ip-172-31-91-158 web[3881]: [2025-01-30 11:55:42 +0000] [3881] [INFO] Starting gunicorn 21.2.0
Jan 30 11:55:42 ip-172-31-91-158 web[3881]: [2025-01-30 11:55:42 +0000] [3881] [INFO] Listening at: http://127.0.0.1:8000 (3881)
Jan 30 11:55:42 ip-172-31-91-158 web[3881]: [2025-01-30 11:55:42 +0000] [3881] [INFO] Using worker: sync
Jan 30 11:55:42 ip-172-31-91-158 web[3885]: [2025-01-30 11:55:42 +0000] [3885] [INFO] Booting worker with pid: 3885
Jan 30 11:55:43 ip-172-31-91-158 web[3885]: Failed to find attribute 'server' in 'application'.
Jan 30 11:55:43 ip-172-31-91-158 web[3885]: [2025-01-30 11:55:43 +0000] [3885] [INFO] Worker exiting (pid: 3885)
Jan 30 11:55:43 ip-172-31-91-158 web[3881]: [2025-01-30 11:55:43 +0000] [3881] [ERROR] Worker (pid:3885) exited with code 4
Jan 30 11:55:43 ip-172-31-91-158 web[3881]: [2025-01-30 11:55:43 +0000] [3881] [ERROR] Shutting down: Master
Jan 30 11:55:43 ip-172-31-91-158 web[3881]: [2025-01-30 11:55:43 +0000] [3881] [ERROR] Reason: App failed to load.
Jan 30 11:55:43 ip-172-31-91-158 web[3888]: [2025-01-30 11:55:43 +0000] [3888] [INFO] Starting gunicorn 21.2.0
Jan 30 11:55:43 ip-172-31-91-158 web[3888]: [2025-01-30 11:55:43 +0000] [3888] [INFO] Listening at: http://127.0.0.1:8000 (3888)
Jan 30 11:55:43 ip-172-31-91-158 web[3888]: [2025-01-30 11:55:43 +0000] [3888] [INFO] Using worker: sync
Jan 30 11:55:43 ip-172-31-91-158 web[3892]: [2025-01-30 11:55:43 +0000] [3892] [INFO] Booting worker with pid: 3892
Jan 30 11:55:43 ip-172-31-91-158 web[3892]: Failed to find attribute 'server' in 'application'.
Jan 30 11:55:43 ip-172-31-91-158 web[3892]: [2025-01-30 11:55:43 +0000] [3892] [INFO] Worker exiting (pid: 3892)
Jan 30 11:55:43 ip-172-31-91-158 web[3888]: [2025-01-30 11:55:43 +0000] [3888] [ERROR] Worker (pid:3892) exited with code 4
Jan 30 11:55:43 ip-172-31-91-158 web[3888]: [2025-01-30 11:55:43 +0000] [3888] [ERROR] Shutting down: Master
Jan 30 11:55:43 ip-172-31-91-158 web[3888]: [2025-01-30 11:55:43 +0000] [3888] [ERROR] Reason: App failed to load.
Jan 30 11:55:44 ip-172-31-91-158 web[3894]: [2025-01-30 11:55:44 +0000] [3894] [INFO] Starting gunicorn 21.2.0
Jan 30 11:55:44 ip-172-31-91-158 web[3894]: [2025-01-30 11:55:44 +0000] [3894] [INFO] Listening at: http://127.0.0.1:8000 (3894)
Jan 30 11:55:44 ip-172-31-91-158 web[3894]: [2025-01-30 11:55:44 +0000] [3894] [INFO] Using worker: sync
Jan 30 11:55:44 ip-172-31-91-158 web[3898]: [2025-01-30 11:55:44 +0000] [3898] [INFO] Booting worker with pid: 3898
Jan 30 11:55:44 ip-172-31-91-158 web[3898]: Failed to find attribute 'server' in 'application'.
Jan 30 11:55:44 ip-172-31-91-158 web[3898]: [2025-01-30 11:55:44 +0000] [3898] [INFO] Worker exiting (pid: 3898)
Jan 30 11:55:44 ip-172-31-91-158 web[3894]: [2025-01-30 11:55:44 +0000] [3894] [ERROR] Worker (pid:3898) exited with code 4
Jan 30 11:55:44 ip-172-31-91-158 web[3894]: [2025-01-30 11:55:44 +0000] [3894] [ERROR] Shutting down: Master
Jan 30 11:55:44 ip-172-31-91-158 web[3894]: [2025-01-30 11:55:44 +0000] [3894] [ERROR] Reason: App failed to load.
Jan 30 11:55:45 ip-172-31-91-158 web[3900]: [2025-01-30 11:55:45 +0000] [3900] [INFO] Starting gunicorn 21.2.0
Jan 30 11:55:45 ip-172-31-91-158 web[3900]: [2025-01-30 11:55:45 +0000] [3900] [INFO] Listening at: http://127.0.0.1:8000 (3900)
Jan 30 11:55:45 ip-172-31-91-158 web[3900]: [2025-01-30 11:55:45 +0000] [3900] [INFO] Using worker: sync
Jan 30 11:55:45 ip-172-31-91-158 web[3904]: [2025-01-30 11:55:45 +0000] [3904] [INFO] Booting worker with pid: 3904
Jan 30 11:55:45 ip-172-31-91-158 web[3904]: Failed to find attribute 'server' in 'application'.
Jan 30 11:55:45 ip-172-31-91-158 web[3904]: [2025-01-30 11:55:45 +0000] [3904] [INFO] Worker exiting (pid: 3904)
Jan 30 11:55:45 ip-172-31-91-158 web[3900]: [2025-01-30 11:55:45 +0000] [3900] [ERROR] Worker (pid:3904) exited with code 4
Jan 30 11:55:45 ip-172-31-91-158 web[3900]: [2025-01-30 11:55:45 +0000] [3900] [ERROR] Shutting down: Master
Jan 30 11:55:45 ip-172-31-91-158 web[3900]: [2025-01-30 11:55:45 +0000] [3900] [ERROR] Reason: App failed to load.
Jan 30 11:55:45 ip-172-31-91-158 web[3906]: [2025-01-30 11:55:45 +0000] [3906] [INFO] Starting gunicorn 21.2.0
Jan 30 11:55:45 ip-172-31-91-158 web[3906]: [2025-01-30 11:55:45 +0000] [3906] [INFO] Listening at: http://127.0.0.1:8000 (3906)
Jan 30 11:55:45 ip-172-31-91-158 web[3906]: [2025-01-30 11:55:45 +0000] [3906] [INFO] Using worker: sync
Jan 30 11:55:45 ip-172-31-91-158 web[3910]: [2025-01-30 11:55:45 +0000] [3910] [INFO] Booting worker with pid: 3910
Jan 30 11:55:46 ip-172-31-91-158 web[3910]: Failed to find attribute 'server' in 'application'.
Jan 30 11:55:46 ip-172-31-91-158 web[3910]: [2025-01-30 11:55:46 +0000] [3910] [INFO] Worker exiting (pid: 3910)
Jan 30 11:55:46 ip-172-31-91-158 web[3906]: [2025-01-30 11:55:46 +0000] [3906] [ERROR] Worker (pid:3910) exited with code 4
Jan 30 11:55:46 ip-172-31-91-158 web[3906]: [2025-01-30 11:55:46 +0000] [3906] [ERROR] Shutting down: Master
Jan 30 11:55:46 ip-172-31-91-158 web[3906]: [2025-01-30 11:55:46 +0000] [3906] [ERROR] Reason: App failed to load.
Jan 30 12:09:37 ip-172-31-91-158 web[4982]: [2025-01-30 12:09:37 +0000] [4982] [INFO] Starting gunicorn 21.2.0
Jan 30 12:09:37 ip-172-31-91-158 web[4982]: [2025-01-30 12:09:37 +0000] [4982] [INFO] Listening at: http://127.0.0.1:8000 (4982)
Jan 30 12:09:37 ip-172-31-91-158 web[4982]: [2025-01-30 12:09:37 +0000] [4982] [INFO] Using worker: sync
Jan 30 12:09:37 ip-172-31-91-158 web[4990]: [2025-01-30 12:09:37 +0000] [4990] [INFO] Booting worker with pid: 4990
Jan 30 12:09:37 ip-172-31-91-158 web[4990]: Failed to find attribute 'server' in 'application'.
Jan 30 12:09:37 ip-172-31-91-158 web[4990]: [2025-01-30 12:09:37 +0000] [4990] [INFO] Worker exiting (pid: 4990)
Jan 30 12:09:37 ip-172-31-91-158 web[4982]: [2025-01-30 12:09:37 +0000] [4982] [ERROR] Worker (pid:4990) exited with code 4
Jan 30 12:09:37 ip-172-31-91-158 web[4982]: [2025-01-30 12:09:37 +0000] [4982] [ERROR] Shutting down: Master
Jan 30 12:09:37 ip-172-31-91-158 web[4982]: [2025-01-30 12:09:37 +0000] [4982] [ERROR] Reason: App failed to load.
Jan 30 12:09:37 ip-172-31-91-158 web[5035]: [2025-01-30 12:09:37 +0000] [5035] [INFO] Starting gunicorn 21.2.0
Jan 30 12:09:37 ip-172-31-91-158 web[5035]: [2025-01-30 12:09:37 +0000] [5035] [INFO] Listening at: http://127.0.0.1:8000 (5035)
Jan 30 12:09:37 ip-172-31-91-158 web[5035]: [2025-01-30 12:09:37 +0000] [5035] [INFO] Using worker: sync
Jan 30 12:09:37 ip-172-31-91-158 web[5039]: [2025-01-30 12:09:37 +0000] [5039] [INFO] Booting worker with pid: 5039
Jan 30 12:09:38 ip-172-31-91-158 web[5039]: Failed to find attribute 'server' in 'application'.
Jan 30 12:09:38 ip-172-31-91-158 web[5039]: [2025-01-30 12:09:38 +0000] [5039] [INFO] Worker exiting (pid: 5039)
Jan 30 12:09:38 ip-172-31-91-158 web[5035]: [2025-01-30 12:09:38 +0000] [5035] [ERROR] Worker (pid:5039) exited with code 4
Jan 30 12:09:38 ip-172-31-91-158 web[5035]: [2025-01-30 12:09:38 +0000] [5035] [ERROR] Shutting down: Master
Jan 30 12:09:38 ip-172-31-91-158 web[5035]: [2025-01-30 12:09:38 +0000] [5035] [ERROR] Reason: App failed to load.
Jan 30 12:09:38 ip-172-31-91-158 web[5042]: [2025-01-30 12:09:38 +0000] [5042] [INFO] Starting gunicorn 21.2.0
Jan 30 12:09:38 ip-172-31-91-158 web[5042]: [2025-01-30 12:09:38 +0000] [5042] [INFO] Listening at: http://127.0.0.1:8000 (5042)
Jan 30 12:09:38 ip-172-31-91-158 web[5042]: [2025-01-30 12:09:38 +0000] [5042] [INFO] Using worker: sync
Jan 30 12:09:38 ip-172-31-91-158 web[5048]: [2025-01-30 12:09:38 +0000] [5048] [INFO] Booting worker with pid: 5048
Jan 30 12:09:38 ip-172-31-91-158 web[5048]: Failed to find attribute 'server' in 'application'.
Jan 30 12:09:38 ip-172-31-91-158 web[5048]: [2025-01-30 12:09:38 +0000] [5048] [INFO] Worker exiting (pid: 5048)
Jan 30 12:09:38 ip-172-31-91-158 web[5042]: [2025-01-30 12:09:38 +0000] [5042] [ERROR] Worker (pid:5048) exited with code 4
Jan 30 12:09:38 ip-172-31-91-158 web[5042]: [2025-01-30 12:09:38 +0000] [5042] [ERROR] Shutting down: Master
Jan 30 12:09:38 ip-172-31-91-158 web[5042]: [2025-01-30 12:09:38 +0000] [5042] [ERROR] Reason: App failed to load.
Jan 30 12:09:39 ip-172-31-91-158 web[5052]: [2025-01-30 12:09:39 +0000] [5052] [INFO] Starting gunicorn 21.2.0
Jan 30 12:09:39 ip-172-31-91-158 web[5052]: [2025-01-30 12:09:39 +0000] [5052] [INFO] Listening at: http://127.0.0.1:8000 (5052)
Jan 30 12:09:39 ip-172-31-91-158 web[5052]: [2025-01-30 12:09:39 +0000] [5052] [INFO] Using worker: sync
Jan 30 12:09:39 ip-172-31-91-158 web[5056]: [2025-01-30 12:09:39 +0000] [5056] [INFO] Booting worker with pid: 5056
Jan 30 12:09:39 ip-172-31-91-158 web[5056]: Failed to find attribute 'server' in 'application'.
Jan 30 12:09:39 ip-172-31-91-158 web[5056]: [2025-01-30 12:09:39 +0000] [5056] [INFO] Worker exiting (pid: 5056)
Jan 30 12:09:39 ip-172-31-91-158 web[5052]: [2025-01-30 12:09:39 +0000] [5052] [ERROR] Worker (pid:5056) exited with code 4
Jan 30 12:09:39 ip-172-31-91-158 web[5052]: [2025-01-30 12:09:39 +0000] [5052] [ERROR] Shutting down: Master
Jan 30 12:09:39 ip-172-31-91-158 web[5052]: [2025-01-30 12:09:39 +0000] [5052] [ERROR] Reason: App failed to load.
Jan 30 12:09:40 ip-172-31-91-158 web[5058]: [2025-01-30 12:09:40 +0000] [5058] [INFO] Starting gunicorn 21.2.0
Jan 30 12:09:40 ip-172-31-91-158 web[5058]: [2025-01-30 12:09:40 +0000] [5058] [INFO] Listening at: http://127.0.0.1:8000 (5058)
Jan 30 12:09:40 ip-172-31-91-158 web[5058]: [2025-01-30 12:09:40 +0000] [5058] [INFO] Using worker: sync
Jan 30 12:09:40 ip-172-31-91-158 web[5062]: [2025-01-30 12:09:40 +0000] [5062] [INFO] Booting worker with pid: 5062
Jan 30 12:09:40 ip-172-31-91-158 web[5062]: Failed to find attribute 'server' in 'application'.
Jan 30 12:09:40 ip-172-31-91-158 web[5062]: [2025-01-30 12:09:40 +0000] [5062] [INFO] Worker exiting (pid: 5062)
Jan 30 12:09:40 ip-172-31-91-158 web[5058]: [2025-01-30 12:09:40 +0000] [5058] [ERROR] Worker (pid:5062) exited with code 4
Jan 30 12:09:40 ip-172-31-91-158 web[5058]: [2025-01-30 12:09:40 +0000] [5058] [ERROR] Shutting down: Master
Jan 30 12:09:40 ip-172-31-91-158 web[5058]: [2025-01-30 12:09:40 +0000] [5058] [ERROR] Reason: App failed to load.
Jan 30 12:09:40 ip-172-31-91-158 web[5064]: [2025-01-30 12:09:40 +0000] [5064] [INFO] Starting gunicorn 21.2.0
Jan 30 12:09:40 ip-172-31-91-158 web[5064]: [2025-01-30 12:09:40 +0000] [5064] [INFO] Listening at: http://127.0.0.1:8000 (5064)
Jan 30 12:09:40 ip-172-31-91-158 web[5064]: [2025-01-30 12:09:40 +0000] [5064] [INFO] Using worker: sync
Jan 30 12:09:40 ip-172-31-91-158 web[5068]: [2025-01-30 12:09:40 +0000] [5068] [INFO] Booting worker with pid: 5068
Jan 30 12:09:41 ip-172-31-91-158 web[5068]: Failed to find attribute 'server' in 'application'.
Jan 30 12:09:41 ip-172-31-91-158 web[5068]: [2025-01-30 12:09:41 +0000] [5068] [INFO] Worker exiting (pid: 5068)
Jan 30 12:09:41 ip-172-31-91-158 web[5064]: [2025-01-30 12:09:41 +0000] [5064] [ERROR] Worker (pid:5068) exited with code 4
Jan 30 12:09:41 ip-172-31-91-158 web[5064]: [2025-01-30 12:09:41 +0000] [5064] [ERROR] Shutting down: Master
Jan 30 12:09:41 ip-172-31-91-158 web[5064]: [2025-01-30 12:09:41 +0000] [5064] [ERROR] Reason: App failed to load.
Jan 30 12:14:28 ip-172-31-91-158 web[5759]: [2025-01-30 12:14:28 +0000] [5759] [INFO] Starting gunicorn 21.2.0
Jan 30 12:14:28 ip-172-31-91-158 web[5759]: [2025-01-30 12:14:28 +0000] [5759] [INFO] Listening at: http://127.0.0.1:8000 (5759)
Jan 30 12:14:28 ip-172-31-91-158 web[5759]: [2025-01-30 12:14:28 +0000] [5759] [INFO] Using worker: sync
Jan 30 12:14:28 ip-172-31-91-158 web[5767]: [2025-01-30 12:14:28 +0000] [5767] [INFO] Booting worker with pid: 5767
Jan 30 12:14:28 ip-172-31-91-158 web[5767]: Failed to find attribute 'server' in 'application'.
Jan 30 12:14:28 ip-172-31-91-158 web[5767]: [2025-01-30 12:14:28 +0000] [5767] [INFO] Worker exiting (pid: 5767)
Jan 30 12:14:28 ip-172-31-91-158 web[5759]: [2025-01-30 12:14:28 +0000] [5759] [ERROR] Worker (pid:5767) exited with code 4
Jan 30 12:14:28 ip-172-31-91-158 web[5759]: [2025-01-30 12:14:28 +0000] [5759] [ERROR] Shutting down: Master
Jan 30 12:14:28 ip-172-31-91-158 web[5759]: [2025-01-30 12:14:28 +0000] [5759] [ERROR] Reason: App failed to load.
Jan 30 12:14:29 ip-172-31-91-158 web[5812]: [2025-01-30 12:14:29 +0000] [5812] [INFO] Starting gunicorn 21.2.0
Jan 30 12:14:29 ip-172-31-91-158 web[5812]: [2025-01-30 12:14:29 +0000] [5812] [INFO] Listening at: http://127.0.0.1:8000 (5812)
Jan 30 12:14:29 ip-172-31-91-158 web[5812]: [2025-01-30 12:14:29 +0000] [5812] [INFO] Using worker: sync
Jan 30 12:14:29 ip-172-31-91-158 web[5816]: [2025-01-30 12:14:29 +0000] [5816] [INFO] Booting worker with pid: 5816
Jan 30 12:14:29 ip-172-31-91-158 web[5816]: Failed to find attribute 'server' in 'application'.
Jan 30 12:14:29 ip-172-31-91-158 web[5816]: [2025-01-30 12:14:29 +0000] [5816] [INFO] Worker exiting (pid: 5816)
Jan 30 12:14:29 ip-172-31-91-158 web[5812]: [2025-01-30 12:14:29 +0000] [5812] [ERROR] Worker (pid:5816) exited with code 4
Jan 30 12:14:29 ip-172-31-91-158 web[5812]: [2025-01-30 12:14:29 +0000] [5812] [ERROR] Shutting down: Master
Jan 30 12:14:29 ip-172-31-91-158 web[5812]: [2025-01-30 12:14:29 +0000] [5812] [ERROR] Reason: App failed to load.
Jan 30 12:14:30 ip-172-31-91-158 web[5818]: [2025-01-30 12:14:30 +0000] [5818] [INFO] Starting gunicorn 21.2.0
Jan 30 12:14:30 ip-172-31-91-158 web[5818]: [2025-01-30 12:14:30 +0000] [5818] [INFO] Listening at: http://127.0.0.1:8000 (5818)
Jan 30 12:14:30 ip-172-31-91-158 web[5818]: [2025-01-30 12:14:30 +0000] [5818] [INFO] Using worker: sync
Jan 30 12:14:30 ip-172-31-91-158 web[5822]: [2025-01-30 12:14:30 +0000] [5822] [INFO] Booting worker with pid: 5822
Jan 30 12:14:30 ip-172-31-91-158 web[5822]: Failed to find attribute 'server' in 'application'.
Jan 30 12:14:30 ip-172-31-91-158 web[5822]: [2025-01-30 12:14:30 +0000] [5822] [INFO] Worker exiting (pid: 5822)
Jan 30 12:14:30 ip-172-31-91-158 web[5818]: [2025-01-30 12:14:30 +0000] [5818] [ERROR] Worker (pid:5822) exited with code 4
Jan 30 12:14:30 ip-172-31-91-158 web[5818]: [2025-01-30 12:14:30 +0000] [5818] [ERROR] Shutting down: Master
Jan 30 12:14:30 ip-172-31-91-158 web[5818]: [2025-01-30 12:14:30 +0000] [5818] [ERROR] Reason: App failed to load.
Jan 30 12:14:30 ip-172-31-91-158 web[5824]: [2025-01-30 12:14:30 +0000] [5824] [INFO] Starting gunicorn 21.2.0
Jan 30 12:14:30 ip-172-31-91-158 web[5824]: [2025-01-30 12:14:30 +0000] [5824] [INFO] Listening at: http://127.0.0.1:8000 (5824)
Jan 30 12:14:30 ip-172-31-91-158 web[5824]: [2025-01-30 12:14:30 +0000] [5824] [INFO] Using worker: sync
Jan 30 12:14:30 ip-172-31-91-158 web[5828]: [2025-01-30 12:14:30 +0000] [5828] [INFO] Booting worker with pid: 5828
Jan 30 12:14:31 ip-172-31-91-158 web[5828]: Failed to find attribute 'server' in 'application'.
Jan 30 12:14:31 ip-172-31-91-158 web[5828]: [2025-01-30 12:14:31 +0000] [5828] [INFO] Worker exiting (pid: 5828)
Jan 30 12:14:31 ip-172-31-91-158 web[5824]: [2025-01-30 12:14:31 +0000] [5824] [ERROR] Worker (pid:5828) exited with code 4
Jan 30 12:14:31 ip-172-31-91-158 web[5824]: [2025-01-30 12:14:31 +0000] [5824] [ERROR] Shutting down: Master
Jan 30 12:14:31 ip-172-31-91-158 web[5824]: [2025-01-30 12:14:31 +0000] [5824] [ERROR] Reason: App failed to load.
Jan 30 12:14:31 ip-172-31-91-158 web[5830]: [2025-01-30 12:14:31 +0000] [5830] [INFO] Starting gunicorn 21.2.0
Jan 30 12:14:31 ip-172-31-91-158 web[5830]: [2025-01-30 12:14:31 +0000] [5830] [INFO] Listening at: http://127.0.0.1:8000 (5830)
Jan 30 12:14:31 ip-172-31-91-158 web[5830]: [2025-01-30 12:14:31 +0000] [5830] [INFO] Using worker: sync
Jan 30 12:14:31 ip-172-31-91-158 web[5834]: [2025-01-30 12:14:31 +0000] [5834] [INFO] Booting worker with pid: 5834
Jan 30 12:14:31 ip-172-31-91-158 web[5834]: Failed to find attribute 'server' in 'application'.
Jan 30 12:14:31 ip-172-31-91-158 web[5834]: [2025-01-30 12:14:31 +0000] [5834] [INFO] Worker exiting (pid: 5834)
Jan 30 12:14:31 ip-172-31-91-158 web[5830]: [2025-01-30 12:14:31 +0000] [5830] [ERROR] Worker (pid:5834) exited with code 4
Jan 30 12:14:31 ip-172-31-91-158 web[5830]: [2025-01-30 12:14:31 +0000] [5830] [ERROR] Shutting down: Master
Jan 30 12:14:31 ip-172-31-91-158 web[5830]: [2025-01-30 12:14:31 +0000] [5830] [ERROR] Reason: App failed to load.
Jan 30 12:14:32 ip-172-31-91-158 web[5836]: [2025-01-30 12:14:32 +0000] [5836] [INFO] Starting gunicorn 21.2.0
Jan 30 12:14:32 ip-172-31-91-158 web[5836]: [2025-01-30 12:14:32 +0000] [5836] [INFO] Listening at: http://127.0.0.1:8000 (5836)
Jan 30 12:14:32 ip-172-31-91-158 web[5836]: [2025-01-30 12:14:32 +0000] [5836] [INFO] Using worker: sync
Jan 30 12:14:32 ip-172-31-91-158 web[5840]: [2025-01-30 12:14:32 +0000] [5840] [INFO] Booting worker with pid: 5840
Jan 30 12:14:32 ip-172-31-91-158 web[5840]: Failed to find attribute 'server' in 'application'.
Jan 30 12:14:32 ip-172-31-91-158 web[5840]: [2025-01-30 12:14:32 +0000] [5840] [INFO] Worker exiting (pid: 5840)
Jan 30 12:14:32 ip-172-31-91-158 web[5836]: [2025-01-30 12:14:32 +0000] [5836] [ERROR] Worker (pid:5840) exited with code 4
Jan 30 12:14:32 ip-172-31-91-158 web[5836]: [2025-01-30 12:14:32 +0000] [5836] [ERROR] Shutting down: Master
Jan 30 12:14:32 ip-172-31-91-158 web[5836]: [2025-01-30 12:14:32 +0000] [5836] [ERROR] Reason: App failed to load.
Jan 30 12:20:10 ip-172-31-91-158 web[6470]: [2025-01-30 12:20:10 +0000] [6470] [INFO] Starting gunicorn 21.2.0
Jan 30 12:20:10 ip-172-31-91-158 web[6470]: [2025-01-30 12:20:10 +0000] [6470] [INFO] Listening at: http://127.0.0.1:8000 (6470)
Jan 30 12:20:10 ip-172-31-91-158 web[6470]: [2025-01-30 12:20:10 +0000] [6470] [INFO] Using worker: sync
Jan 30 12:20:10 ip-172-31-91-158 web[6478]: [2025-01-30 12:20:10 +0000] [6478] [INFO] Booting worker with pid: 6478
Jan 30 12:20:11 ip-172-31-91-158 web[6478]: Failed to find attribute 'server' in 'application'.
Jan 30 12:20:11 ip-172-31-91-158 web[6478]: [2025-01-30 12:20:11 +0000] [6478] [INFO] Worker exiting (pid: 6478)
Jan 30 12:20:11 ip-172-31-91-158 web[6470]: [2025-01-30 12:20:11 +0000] [6470] [ERROR] Worker (pid:6478) exited with code 4
Jan 30 12:20:11 ip-172-31-91-158 web[6470]: [2025-01-30 12:20:11 +0000] [6470] [ERROR] Shutting down: Master
Jan 30 12:20:11 ip-172-31-91-158 web[6470]: [2025-01-30 12:20:11 +0000] [6470] [ERROR] Reason: App failed to load.
Jan 30 12:20:11 ip-172-31-91-158 web[6523]: [2025-01-30 12:20:11 +0000] [6523] [INFO] Starting gunicorn 21.2.0
Jan 30 12:20:11 ip-172-31-91-158 web[6523]: [2025-01-30 12:20:11 +0000] [6523] [INFO] Listening at: http://127.0.0.1:8000 (6523)
Jan 30 12:20:11 ip-172-31-91-158 web[6523]: [2025-01-30 12:20:11 +0000] [6523] [INFO] Using worker: sync
Jan 30 12:20:11 ip-172-31-91-158 web[6527]: [2025-01-30 12:20:11 +0000] [6527] [INFO] Booting worker with pid: 6527
Jan 30 12:20:11 ip-172-31-91-158 web[6527]: Failed to find attribute 'server' in 'application'.
Jan 30 12:20:11 ip-172-31-91-158 web[6527]: [2025-01-30 12:20:11 +0000] [6527] [INFO] Worker exiting (pid: 6527)
Jan 30 12:20:11 ip-172-31-91-158 web[6523]: [2025-01-30 12:20:11 +0000] [6523] [ERROR] Worker (pid:6527) exited with code 4
Jan 30 12:20:11 ip-172-31-91-158 web[6523]: [2025-01-30 12:20:11 +0000] [6523] [ERROR] Shutting down: Master
Jan 30 12:20:11 ip-172-31-91-158 web[6523]: [2025-01-30 12:20:11 +0000] [6523] [ERROR] Reason: App failed to load.
Jan 30 12:20:12 ip-172-31-91-158 web[6529]: [2025-01-30 12:20:12 +0000] [6529] [INFO] Starting gunicorn 21.2.0
Jan 30 12:20:12 ip-172-31-91-158 web[6529]: [2025-01-30 12:20:12 +0000] [6529] [INFO] Listening at: http://127.0.0.1:8000 (6529)
Jan 30 12:20:12 ip-172-31-91-158 web[6529]: [2025-01-30 12:20:12 +0000] [6529] [INFO] Using worker: sync
Jan 30 12:20:12 ip-172-31-91-158 web[6533]: [2025-01-30 12:20:12 +0000] [6533] [INFO] Booting worker with pid: 6533
Jan 30 12:20:12 ip-172-31-91-158 web[6533]: Failed to find attribute 'server' in 'application'.
Jan 30 12:20:12 ip-172-31-91-158 web[6533]: [2025-01-30 12:20:12 +0000] [6533] [INFO] Worker exiting (pid: 6533)
Jan 30 12:20:12 ip-172-31-91-158 web[6529]: [2025-01-30 12:20:12 +0000] [6529] [ERROR] Worker (pid:6533) exited with code 4
Jan 30 12:20:12 ip-172-31-91-158 web[6529]: [2025-01-30 12:20:12 +0000] [6529] [ERROR] Shutting down: Master
Jan 30 12:20:12 ip-172-31-91-158 web[6529]: [2025-01-30 12:20:12 +0000] [6529] [ERROR] Reason: App failed to load.
Jan 30 12:20:13 ip-172-31-91-158 web[6535]: [2025-01-30 12:20:13 +0000] [6535] [INFO] Starting gunicorn 21.2.0
Jan 30 12:20:13 ip-172-31-91-158 web[6535]: [2025-01-30 12:20:13 +0000] [6535] [INFO] Listening at: http://127.0.0.1:8000 (6535)
Jan 30 12:20:13 ip-172-31-91-158 web[6535]: [2025-01-30 12:20:13 +0000] [6535] [INFO] Using worker: sync
Jan 30 12:20:13 ip-172-31-91-158 web[6539]: [2025-01-30 12:20:13 +0000] [6539] [INFO] Booting worker with pid: 6539
Jan 30 12:20:13 ip-172-31-91-158 web[6539]: Failed to find attribute 'server' in 'application'.
Jan 30 12:20:13 ip-172-31-91-158 web[6539]: [2025-01-30 12:20:13 +0000] [6539] [INFO] Worker exiting (pid: 6539)
Jan 30 12:20:13 ip-172-31-91-158 web[6535]: [2025-01-30 12:20:13 +0000] [6535] [ERROR] Worker (pid:6539) exited with code 4
Jan 30 12:20:13 ip-172-31-91-158 web[6535]: [2025-01-30 12:20:13 +0000] [6535] [ERROR] Shutting down: Master
Jan 30 12:20:13 ip-172-31-91-158 web[6535]: [2025-01-30 12:20:13 +0000] [6535] [ERROR] Reason: App failed to load.
Jan 30 12:20:13 ip-172-31-91-158 web[6541]: [2025-01-30 12:20:13 +0000] [6541] [INFO] Starting gunicorn 21.2.0
Jan 30 12:20:13 ip-172-31-91-158 web[6541]: [2025-01-30 12:20:13 +0000] [6541] [INFO] Listening at: http://127.0.0.1:8000 (6541)
Jan 30 12:20:13 ip-172-31-91-158 web[6541]: [2025-01-30 12:20:13 +0000] [6541] [INFO] Using worker: sync
Jan 30 12:20:13 ip-172-31-91-158 web[6545]: [2025-01-30 12:20:13 +0000] [6545] [INFO] Booting worker with pid: 6545
Jan 30 12:20:14 ip-172-31-91-158 web[6545]: Failed to find attribute 'server' in 'application'.
Jan 30 12:20:14 ip-172-31-91-158 web[6545]: [2025-01-30 12:20:14 +0000] [6545] [INFO] Worker exiting (pid: 6545)
Jan 30 12:20:14 ip-172-31-91-158 web[6541]: [2025-01-30 12:20:14 +0000] [6541] [ERROR] Worker (pid:6545) exited with code 4
Jan 30 12:20:14 ip-172-31-91-158 web[6541]: [2025-01-30 12:20:14 +0000] [6541] [ERROR] Shutting down: Master
Jan 30 12:20:14 ip-172-31-91-158 web[6541]: [2025-01-30 12:20:14 +0000] [6541] [ERROR] Reason: App failed to load.
Jan 30 12:20:14 ip-172-31-91-158 web[6547]: [2025-01-30 12:20:14 +0000] [6547] [INFO] Starting gunicorn 21.2.0
Jan 30 12:20:14 ip-172-31-91-158 web[6547]: [2025-01-30 12:20:14 +0000] [6547] [INFO] Listening at: http://127.0.0.1:8000 (6547)
Jan 30 12:20:14 ip-172-31-91-158 web[6547]: [2025-01-30 12:20:14 +0000] [6547] [INFO] Using worker: sync
Jan 30 12:20:14 ip-172-31-91-158 web[6551]: [2025-01-30 12:20:14 +0000] [6551] [INFO] Booting worker with pid: 6551
Jan 30 12:20:14 ip-172-31-91-158 web[6551]: Failed to find attribute 'server' in 'application'.
Jan 30 12:20:14 ip-172-31-91-158 web[6551]: [2025-01-30 12:20:14 +0000] [6551] [INFO] Worker exiting (pid: 6551)
Jan 30 12:20:14 ip-172-31-91-158 web[6547]: [2025-01-30 12:20:14 +0000] [6547] [ERROR] Worker (pid:6551) exited with code 4
Jan 30 12:20:14 ip-172-31-91-158 web[6547]: [2025-01-30 12:20:14 +0000] [6547] [ERROR] Shutting down: Master
Jan 30 12:20:14 ip-172-31-91-158 web[6547]: [2025-01-30 12:20:14 +0000] [6547] [ERROR] Reason: App failed to load.
Jan 30 12:29:32 ip-172-31-91-158 web[7334]: [2025-01-30 12:29:32 +0000] [7334] [INFO] Starting gunicorn 21.2.0
Jan 30 12:29:32 ip-172-31-91-158 web[7334]: [2025-01-30 12:29:32 +0000] [7334] [INFO] Listening at: http://127.0.0.1:8000 (7334)
Jan 30 12:29:32 ip-172-31-91-158 web[7334]: [2025-01-30 12:29:32 +0000] [7334] [INFO] Using worker: sync
Jan 30 12:29:32 ip-172-31-91-158 web[7342]: [2025-01-30 12:29:32 +0000] [7342] [INFO] Booting worker with pid: 7342
Jan 30 12:29:32 ip-172-31-91-158 web[7342]: Failed to find attribute 'server' in 'application'.
Jan 30 12:29:32 ip-172-31-91-158 web[7342]: [2025-01-30 12:29:32 +0000] [7342] [INFO] Worker exiting (pid: 7342)
Jan 30 12:29:32 ip-172-31-91-158 web[7334]: [2025-01-30 12:29:32 +0000] [7334] [ERROR] Worker (pid:7342) exited with code 4
Jan 30 12:29:32 ip-172-31-91-158 web[7334]: [2025-01-30 12:29:32 +0000] [7334] [ERROR] Shutting down: Master
Jan 30 12:29:32 ip-172-31-91-158 web[7334]: [2025-01-30 12:29:32 +0000] [7334] [ERROR] Reason: App failed to load.
Jan 30 12:29:32 ip-172-31-91-158 web[7387]: [2025-01-30 12:29:32 +0000] [7387] [INFO] Starting gunicorn 21.2.0
Jan 30 12:29:32 ip-172-31-91-158 web[7387]: [2025-01-30 12:29:32 +0000] [7387] [INFO] Listening at: http://127.0.0.1:8000 (7387)
Jan 30 12:29:32 ip-172-31-91-158 web[7387]: [2025-01-30 12:29:32 +0000] [7387] [INFO] Using worker: sync
Jan 30 12:29:32 ip-172-31-91-158 web[7391]: [2025-01-30 12:29:32 +0000] [7391] [INFO] Booting worker with pid: 7391
Jan 30 12:29:33 ip-172-31-91-158 web[7391]: Failed to find attribute 'server' in 'application'.
Jan 30 12:29:33 ip-172-31-91-158 web[7391]: [2025-01-30 12:29:33 +0000] [7391] [INFO] Worker exiting (pid: 7391)
Jan 30 12:29:33 ip-172-31-91-158 web[7387]: [2025-01-30 12:29:33 +0000] [7387] [ERROR] Worker (pid:7391) exited with code 4
Jan 30 12:29:33 ip-172-31-91-158 web[7387]: [2025-01-30 12:29:33 +0000] [7387] [ERROR] Shutting down: Master
Jan 30 12:29:33 ip-172-31-91-158 web[7387]: [2025-01-30 12:29:33 +0000] [7387] [ERROR] Reason: App failed to load.
Jan 30 12:29:33 ip-172-31-91-158 web[7393]: [2025-01-30 12:29:33 +0000] [7393] [INFO] Starting gunicorn 21.2.0
Jan 30 12:29:33 ip-172-31-91-158 web[7393]: [2025-01-30 12:29:33 +0000] [7393] [INFO] Listening at: http://127.0.0.1:8000 (7393)
Jan 30 12:29:33 ip-172-31-91-158 web[7393]: [2025-01-30 12:29:33 +0000] [7393] [INFO] Using worker: sync
Jan 30 12:29:33 ip-172-31-91-158 web[7398]: [2025-01-30 12:29:33 +0000] [7398] [INFO] Booting worker with pid: 7398
Jan 30 12:29:33 ip-172-31-91-158 web[7398]: Failed to find attribute 'server' in 'application'.
Jan 30 12:29:33 ip-172-31-91-158 web[7398]: [2025-01-30 12:29:33 +0000] [7398] [INFO] Worker exiting (pid: 7398)
Jan 30 12:29:33 ip-172-31-91-158 web[7393]: [2025-01-30 12:29:33 +0000] [7393] [ERROR] Worker (pid:7398) exited with code 4
Jan 30 12:29:33 ip-172-31-91-158 web[7393]: [2025-01-30 12:29:33 +0000] [7393] [ERROR] Shutting down: Master
Jan 30 12:29:33 ip-172-31-91-158 web[7393]: [2025-01-30 12:29:33 +0000] [7393] [ERROR] Reason: App failed to load.
Jan 30 12:29:34 ip-172-31-91-158 web[7403]: [2025-01-30 12:29:34 +0000] [7403] [INFO] Starting gunicorn 21.2.0
Jan 30 12:29:34 ip-172-31-91-158 web[7403]: [2025-01-30 12:29:34 +0000] [7403] [INFO] Listening at: http://127.0.0.1:8000 (7403)
Jan 30 12:29:34 ip-172-31-91-158 web[7403]: [2025-01-30 12:29:34 +0000] [7403] [INFO] Using worker: sync
Jan 30 12:29:34 ip-172-31-91-158 web[7407]: [2025-01-30 12:29:34 +0000] [7407] [INFO] Booting worker with pid: 7407
Jan 30 12:29:34 ip-172-31-91-158 web[7407]: Failed to find attribute 'server' in 'application'.
Jan 30 12:29:34 ip-172-31-91-158 web[7407]: [2025-01-30 12:29:34 +0000] [7407] [INFO] Worker exiting (pid: 7407)
Jan 30 12:29:34 ip-172-31-91-158 web[7403]: [2025-01-30 12:29:34 +0000] [7403] [ERROR] Worker (pid:7407) exited with code 4
Jan 30 12:29:34 ip-172-31-91-158 web[7403]: [2025-01-30 12:29:34 +0000] [7403] [ERROR] Shutting down: Master
Jan 30 12:29:34 ip-172-31-91-158 web[7403]: [2025-01-30 12:29:34 +0000] [7403] [ERROR] Reason: App failed to load.
Jan 30 12:29:35 ip-172-31-91-158 web[7409]: [2025-01-30 12:29:35 +0000] [7409] [INFO] Starting gunicorn 21.2.0
Jan 30 12:29:35 ip-172-31-91-158 web[7409]: [2025-01-30 12:29:35 +0000] [7409] [INFO] Listening at: http://127.0.0.1:8000 (7409)
Jan 30 12:29:35 ip-172-31-91-158 web[7409]: [2025-01-30 12:29:35 +0000] [7409] [INFO] Using worker: sync
Jan 30 12:29:35 ip-172-31-91-158 web[7413]: [2025-01-30 12:29:35 +0000] [7413] [INFO] Booting worker with pid: 7413
Jan 30 12:29:35 ip-172-31-91-158 web[7413]: Failed to find attribute 'server' in 'application'.
Jan 30 12:29:35 ip-172-31-91-158 web[7413]: [2025-01-30 12:29:35 +0000] [7413] [INFO] Worker exiting (pid: 7413)
Jan 30 12:29:35 ip-172-31-91-158 web[7409]: [2025-01-30 12:29:35 +0000] [7409] [ERROR] Worker (pid:7413) exited with code 4
Jan 30 12:29:35 ip-172-31-91-158 web[7409]: [2025-01-30 12:29:35 +0000] [7409] [ERROR] Shutting down: Master
Jan 30 12:29:35 ip-172-31-91-158 web[7409]: [2025-01-30 12:29:35 +0000] [7409] [ERROR] Reason: App failed to load.
Jan 30 12:29:35 ip-172-31-91-158 web[7416]: [2025-01-30 12:29:35 +0000] [7416] [INFO] Starting gunicorn 21.2.0
Jan 30 12:29:35 ip-172-31-91-158 web[7416]: [2025-01-30 12:29:35 +0000] [7416] [INFO] Listening at: http://127.0.0.1:8000 (7416)
Jan 30 12:29:35 ip-172-31-91-158 web[7416]: [2025-01-30 12:29:35 +0000] [7416] [INFO] Using worker: sync
Jan 30 12:29:35 ip-172-31-91-158 web[7420]: [2025-01-30 12:29:35 +0000] [7420] [INFO] Booting worker with pid: 7420
Jan 30 12:29:36 ip-172-31-91-158 web[7420]: Failed to find attribute 'server' in 'application'.
Jan 30 12:29:36 ip-172-31-91-158 web[7420]: [2025-01-30 12:29:36 +0000] [7420] [INFO] Worker exiting (pid: 7420)
Jan 30 12:29:36 ip-172-31-91-158 web[7416]: [2025-01-30 12:29:36 +0000] [7416] [ERROR] Worker (pid:7420) exited with code 4
Jan 30 12:29:36 ip-172-31-91-158 web[7416]: [2025-01-30 12:29:36 +0000] [7416] [ERROR] Shutting down: Master
Jan 30 12:29:36 ip-172-31-91-158 web[7416]: [2025-01-30 12:29:36 +0000] [7416] [ERROR] Reason: App failed to load.
Jan 30 12:45:19 ip-172-31-91-158 web[8533]: [2025-01-30 12:45:19 +0000] [8533] [INFO] Starting gunicorn 21.2.0
Jan 30 12:45:19 ip-172-31-91-158 web[8533]: [2025-01-30 12:45:19 +0000] [8533] [INFO] Listening at: http://127.0.0.1:8000 (8533)
Jan 30 12:45:19 ip-172-31-91-158 web[8533]: [2025-01-30 12:45:19 +0000] [8533] [INFO] Using worker: sync
Jan 30 12:45:19 ip-172-31-91-158 web[8560]: [2025-01-30 12:45:19 +0000] [8560] [INFO] Booting worker with pid: 8560
Jan 30 12:45:19 ip-172-31-91-158 web[8560]: Failed to find attribute 'server' in 'application'.
Jan 30 12:45:19 ip-172-31-91-158 web[8560]: [2025-01-30 12:45:19 +0000] [8560] [INFO] Worker exiting (pid: 8560)
Jan 30 12:45:19 ip-172-31-91-158 web[8533]: [2025-01-30 12:45:19 +0000] [8533] [ERROR] Worker (pid:8560) exited with code 4
Jan 30 12:45:19 ip-172-31-91-158 web[8533]: [2025-01-30 12:45:19 +0000] [8533] [ERROR] Shutting down: Master
Jan 30 12:45:19 ip-172-31-91-158 web[8533]: [2025-01-30 12:45:19 +0000] [8533] [ERROR] Reason: App failed to load.
Jan 30 12:45:20 ip-172-31-91-158 web[8586]: [2025-01-30 12:45:20 +0000] [8586] [INFO] Starting gunicorn 21.2.0
Jan 30 12:45:20 ip-172-31-91-158 web[8586]: [2025-01-30 12:45:20 +0000] [8586] [INFO] Listening at: http://127.0.0.1:8000 (8586)
Jan 30 12:45:20 ip-172-31-91-158 web[8586]: [2025-01-30 12:45:20 +0000] [8586] [INFO] Using worker: sync
Jan 30 12:45:20 ip-172-31-91-158 web[8590]: [2025-01-30 12:45:20 +0000] [8590] [INFO] Booting worker with pid: 8590
Jan 30 12:45:20 ip-172-31-91-158 web[8590]: Failed to find attribute 'server' in 'application'.
Jan 30 12:45:20 ip-172-31-91-158 web[8590]: [2025-01-30 12:45:20 +0000] [8590] [INFO] Worker exiting (pid: 8590)
Jan 30 12:45:20 ip-172-31-91-158 web[8586]: [2025-01-30 12:45:20 +0000] [8586] [ERROR] Worker (pid:8590) exited with code 4
Jan 30 12:45:20 ip-172-31-91-158 web[8586]: [2025-01-30 12:45:20 +0000] [8586] [ERROR] Shutting down: Master
Jan 30 12:45:20 ip-172-31-91-158 web[8586]: [2025-01-30 12:45:20 +0000] [8586] [ERROR] Reason: App failed to load.
Jan 30 12:45:20 ip-172-31-91-158 web[8593]: [2025-01-30 12:45:20 +0000] [8593] [INFO] Starting gunicorn 21.2.0
Jan 30 12:45:20 ip-172-31-91-158 web[8593]: [2025-01-30 12:45:20 +0000] [8593] [INFO] Listening at: http://127.0.0.1:8000 (8593)
Jan 30 12:45:20 ip-172-31-91-158 web[8593]: [2025-01-30 12:45:20 +0000] [8593] [INFO] Using worker: sync
Jan 30 12:45:20 ip-172-31-91-158 web[8599]: [2025-01-30 12:45:20 +0000] [8599] [INFO] Booting worker with pid: 8599
Jan 30 12:45:21 ip-172-31-91-158 web[8599]: Failed to find attribute 'server' in 'application'.
Jan 30 12:45:21 ip-172-31-91-158 web[8599]: [2025-01-30 12:45:21 +0000] [8599] [INFO] Worker exiting (pid: 8599)
Jan 30 12:45:21 ip-172-31-91-158 web[8593]: [2025-01-30 12:45:21 +0000] [8593] [ERROR] Worker (pid:8599) exited with code 4
Jan 30 12:45:21 ip-172-31-91-158 web[8593]: [2025-01-30 12:45:21 +0000] [8593] [ERROR] Shutting down: Master
Jan 30 12:45:21 ip-172-31-91-158 web[8593]: [2025-01-30 12:45:21 +0000] [8593] [ERROR] Reason: App failed to load.
Jan 30 12:45:21 ip-172-31-91-158 web[8603]: [2025-01-30 12:45:21 +0000] [8603] [INFO] Starting gunicorn 21.2.0
Jan 30 12:45:21 ip-172-31-91-158 web[8603]: [2025-01-30 12:45:21 +0000] [8603] [INFO] Listening at: http://127.0.0.1:8000 (8603)
Jan 30 12:45:21 ip-172-31-91-158 web[8603]: [2025-01-30 12:45:21 +0000] [8603] [INFO] Using worker: sync
Jan 30 12:45:21 ip-172-31-91-158 web[8607]: [2025-01-30 12:45:21 +0000] [8607] [INFO] Booting worker with pid: 8607
Jan 30 12:45:21 ip-172-31-91-158 web[8607]: Failed to find attribute 'server' in 'application'.
Jan 30 12:45:21 ip-172-31-91-158 web[8607]: [2025-01-30 12:45:21 +0000] [8607] [INFO] Worker exiting (pid: 8607)
Jan 30 12:45:21 ip-172-31-91-158 web[8603]: [2025-01-30 12:45:21 +0000] [8603] [ERROR] Worker (pid:8607) exited with code 4
Jan 30 12:45:21 ip-172-31-91-158 web[8603]: [2025-01-30 12:45:21 +0000] [8603] [ERROR] Shutting down: Master
Jan 30 12:45:21 ip-172-31-91-158 web[8603]: [2025-01-30 12:45:21 +0000] [8603] [ERROR] Reason: App failed to load.
Jan 30 12:45:22 ip-172-31-91-158 web[8610]: [2025-01-30 12:45:22 +0000] [8610] [INFO] Starting gunicorn 21.2.0
Jan 30 12:45:22 ip-172-31-91-158 web[8610]: [2025-01-30 12:45:22 +0000] [8610] [INFO] Listening at: http://127.0.0.1:8000 (8610)
Jan 30 12:45:22 ip-172-31-91-158 web[8610]: [2025-01-30 12:45:22 +0000] [8610] [INFO] Using worker: sync
Jan 30 12:45:22 ip-172-31-91-158 web[8614]: [2025-01-30 12:45:22 +0000] [8614] [INFO] Booting worker with pid: 8614
Jan 30 12:45:22 ip-172-31-91-158 web[8614]: Failed to find attribute 'server' in 'application'.
Jan 30 12:45:22 ip-172-31-91-158 web[8614]: [2025-01-30 12:45:22 +0000] [8614] [INFO] Worker exiting (pid: 8614)
Jan 30 12:45:22 ip-172-31-91-158 web[8610]: [2025-01-30 12:45:22 +0000] [8610] [ERROR] Worker (pid:8614) exited with code 4
Jan 30 12:45:22 ip-172-31-91-158 web[8610]: [2025-01-30 12:45:22 +0000] [8610] [ERROR] Shutting down: Master
Jan 30 12:45:22 ip-172-31-91-158 web[8610]: [2025-01-30 12:45:22 +0000] [8610] [ERROR] Reason: App failed to load.
Jan 30 12:45:23 ip-172-31-91-158 web[8616]: [2025-01-30 12:45:23 +0000] [8616] [INFO] Starting gunicorn 21.2.0
Jan 30 12:45:23 ip-172-31-91-158 web[8616]: [2025-01-30 12:45:23 +0000] [8616] [INFO] Listening at: http://127.0.0.1:8000 (8616)
Jan 30 12:45:23 ip-172-31-91-158 web[8616]: [2025-01-30 12:45:23 +0000] [8616] [INFO] Using worker: sync
Jan 30 12:45:23 ip-172-31-91-158 web[8620]: [2025-01-30 12:45:23 +0000] [8620] [INFO] Booting worker with pid: 8620
Jan 30 12:45:23 ip-172-31-91-158 web[8620]: Failed to find attribute 'server' in 'application'.
Jan 30 12:45:23 ip-172-31-91-158 web[8620]: [2025-01-30 12:45:23 +0000] [8620] [INFO] Worker exiting (pid: 8620)
Jan 30 12:45:23 ip-172-31-91-158 web[8616]: [2025-01-30 12:45:23 +0000] [8616] [ERROR] Worker (pid:8620) exited with code 4
Jan 30 12:45:23 ip-172-31-91-158 web[8616]: [2025-01-30 12:45:23 +0000] [8616] [ERROR] Shutting down: Master
Jan 30 12:45:23 ip-172-31-91-158 web[8616]: [2025-01-30 12:45:23 +0000] [8616] [ERROR] Reason: App failed to load.
Jan 30 12:55:29 ip-172-31-91-158 web[9517]: [2025-01-30 12:55:29 +0000] [9517] [INFO] Starting gunicorn 21.2.0
Jan 30 12:55:29 ip-172-31-91-158 web[9517]: [2025-01-30 12:55:29 +0000] [9517] [INFO] Listening at: http://127.0.0.1:8000 (9517)
Jan 30 12:55:29 ip-172-31-91-158 web[9517]: [2025-01-30 12:55:29 +0000] [9517] [INFO] Using worker: sync
Jan 30 12:55:29 ip-172-31-91-158 web[9547]: [2025-01-30 12:55:29 +0000] [9547] [INFO] Booting worker with pid: 9547
Jan 30 12:55:29 ip-172-31-91-158 web[9547]: Failed to find attribute 'server' in 'application'.
Jan 30 12:55:29 ip-172-31-91-158 web[9547]: [2025-01-30 12:55:29 +0000] [9547] [INFO] Worker exiting (pid: 9547)
Jan 30 12:55:29 ip-172-31-91-158 web[9517]: [2025-01-30 12:55:29 +0000] [9517] [ERROR] Worker (pid:9547) exited with code 4
Jan 30 12:55:29 ip-172-31-91-158 web[9517]: [2025-01-30 12:55:29 +0000] [9517] [ERROR] Shutting down: Master
Jan 30 12:55:29 ip-172-31-91-158 web[9517]: [2025-01-30 12:55:29 +0000] [9517] [ERROR] Reason: App failed to load.
Jan 30 12:55:30 ip-172-31-91-158 web[9574]: [2025-01-30 12:55:30 +0000] [9574] [INFO] Starting gunicorn 21.2.0
Jan 30 12:55:30 ip-172-31-91-158 web[9574]: [2025-01-30 12:55:30 +0000] [9574] [INFO] Listening at: http://127.0.0.1:8000 (9574)
Jan 30 12:55:30 ip-172-31-91-158 web[9574]: [2025-01-30 12:55:30 +0000] [9574] [INFO] Using worker: sync
Jan 30 12:55:30 ip-172-31-91-158 web[9578]: [2025-01-30 12:55:30 +0000] [9578] [INFO] Booting worker with pid: 9578
Jan 30 12:55:30 ip-172-31-91-158 web[9578]: Failed to find attribute 'server' in 'application'.
Jan 30 12:55:30 ip-172-31-91-158 web[9578]: [2025-01-30 12:55:30 +0000] [9578] [INFO] Worker exiting (pid: 9578)
Jan 30 12:55:30 ip-172-31-91-158 web[9574]: [2025-01-30 12:55:30 +0000] [9574] [ERROR] Worker (pid:9578) exited with code 4
Jan 30 12:55:30 ip-172-31-91-158 web[9574]: [2025-01-30 12:55:30 +0000] [9574] [ERROR] Shutting down: Master
Jan 30 12:55:30 ip-172-31-91-158 web[9574]: [2025-01-30 12:55:30 +0000] [9574] [ERROR] Reason: App failed to load.
Jan 30 12:55:31 ip-172-31-91-158 web[9580]: [2025-01-30 12:55:31 +0000] [9580] [INFO] Starting gunicorn 21.2.0
Jan 30 12:55:31 ip-172-31-91-158 web[9580]: [2025-01-30 12:55:31 +0000] [9580] [INFO] Listening at: http://127.0.0.1:8000 (9580)
Jan 30 12:55:31 ip-172-31-91-158 web[9580]: [2025-01-30 12:55:31 +0000] [9580] [INFO] Using worker: sync
Jan 30 12:55:31 ip-172-31-91-158 web[9584]: [2025-01-30 12:55:31 +0000] [9584] [INFO] Booting worker with pid: 9584
Jan 30 12:55:31 ip-172-31-91-158 web[9584]: Failed to find attribute 'server' in 'application'.
Jan 30 12:55:31 ip-172-31-91-158 web[9584]: [2025-01-30 12:55:31 +0000] [9584] [INFO] Worker exiting (pid: 9584)
Jan 30 12:55:31 ip-172-31-91-158 web[9580]: [2025-01-30 12:55:31 +0000] [9580] [ERROR] Worker (pid:9584) exited with code 4
Jan 30 12:55:31 ip-172-31-91-158 web[9580]: [2025-01-30 12:55:31 +0000] [9580] [ERROR] Shutting down: Master
Jan 30 12:55:31 ip-172-31-91-158 web[9580]: [2025-01-30 12:55:31 +0000] [9580] [ERROR] Reason: App failed to load.
Jan 30 12:55:31 ip-172-31-91-158 web[9586]: [2025-01-30 12:55:31 +0000] [9586] [INFO] Starting gunicorn 21.2.0
Jan 30 12:55:31 ip-172-31-91-158 web[9586]: [2025-01-30 12:55:31 +0000] [9586] [INFO] Listening at: http://127.0.0.1:8000 (9586)
Jan 30 12:55:31 ip-172-31-91-158 web[9586]: [2025-01-30 12:55:31 +0000] [9586] [INFO] Using worker: sync
Jan 30 12:55:31 ip-172-31-91-158 web[9590]: [2025-01-30 12:55:31 +0000] [9590] [INFO] Booting worker with pid: 9590
Jan 30 12:55:32 ip-172-31-91-158 web[9590]: Failed to find attribute 'server' in 'application'.
Jan 30 12:55:32 ip-172-31-91-158 web[9590]: [2025-01-30 12:55:32 +0000] [9590] [INFO] Worker exiting (pid: 9590)
Jan 30 12:55:32 ip-172-31-91-158 web[9586]: [2025-01-30 12:55:32 +0000] [9586] [ERROR] Worker (pid:9590) exited with code 4
Jan 30 12:55:32 ip-172-31-91-158 web[9586]: [2025-01-30 12:55:32 +0000] [9586] [ERROR] Shutting down: Master
Jan 30 12:55:32 ip-172-31-91-158 web[9586]: [2025-01-30 12:55:32 +0000] [9586] [ERROR] Reason: App failed to load.
Jan 30 12:55:32 ip-172-31-91-158 web[9592]: [2025-01-30 12:55:32 +0000] [9592] [INFO] Starting gunicorn 21.2.0
Jan 30 12:55:32 ip-172-31-91-158 web[9592]: [2025-01-30 12:55:32 +0000] [9592] [INFO] Listening at: http://127.0.0.1:8000 (9592)
Jan 30 12:55:32 ip-172-31-91-158 web[9592]: [2025-01-30 12:55:32 +0000] [9592] [INFO] Using worker: sync
Jan 30 12:55:32 ip-172-31-91-158 web[9596]: [2025-01-30 12:55:32 +0000] [9596] [INFO] Booting worker with pid: 9596
Jan 30 12:55:32 ip-172-31-91-158 web[9596]: Failed to find attribute 'server' in 'application'.
Jan 30 12:55:32 ip-172-31-91-158 web[9596]: [2025-01-30 12:55:32 +0000] [9596] [INFO] Worker exiting (pid: 9596)
Jan 30 12:55:32 ip-172-31-91-158 web[9592]: [2025-01-30 12:55:32 +0000] [9592] [ERROR] Worker (pid:9596) exited with code 4
Jan 30 12:55:32 ip-172-31-91-158 web[9592]: [2025-01-30 12:55:32 +0000] [9592] [ERROR] Shutting down: Master
Jan 30 12:55:32 ip-172-31-91-158 web[9592]: [2025-01-30 12:55:32 +0000] [9592] [ERROR] Reason: App failed to load.
Jan 30 12:55:33 ip-172-31-91-158 web[9598]: [2025-01-30 12:55:33 +0000] [9598] [INFO] Starting gunicorn 21.2.0
Jan 30 12:55:33 ip-172-31-91-158 web[9598]: [2025-01-30 12:55:33 +0000] [9598] [INFO] Listening at: http://127.0.0.1:8000 (9598)
Jan 30 12:55:33 ip-172-31-91-158 web[9598]: [2025-01-30 12:55:33 +0000] [9598] [INFO] Using worker: sync
Jan 30 12:55:33 ip-172-31-91-158 web[9602]: [2025-01-30 12:55:33 +0000] [9602] [INFO] Booting worker with pid: 9602
Jan 30 12:55:33 ip-172-31-91-158 web[9602]: Failed to find attribute 'server' in 'application'.
Jan 30 12:55:33 ip-172-31-91-158 web[9602]: [2025-01-30 12:55:33 +0000] [9602] [INFO] Worker exiting (pid: 9602)
Jan 30 12:55:33 ip-172-31-91-158 web[9598]: [2025-01-30 12:55:33 +0000] [9598] [ERROR] Worker (pid:9602) exited with code 4
Jan 30 12:55:33 ip-172-31-91-158 web[9598]: [2025-01-30 12:55:33 +0000] [9598] [ERROR] Shutting down: Master
Jan 30 12:55:33 ip-172-31-91-158 web[9598]: [2025-01-30 12:55:33 +0000] [9598] [ERROR] Reason: App failed to load.
