# Logfile created on 2025-01-30 11:43:53 +0000 by logger.rb/v1.6.5
A, [2025-01-30T11:43:53.854663 #2202]   ANY -- : healthd daemon 1.0.7 initialized
W, [2025-01-30T11:43:53.940470 #2202]  WARN -- : log file "/var/log/nginx/healthd/application.log.2025-01-30-11" does not exist
F, [2025-01-30T11:49:32.361457 #2202] FATAL -- : /opt/elasticbeanstalk/lib/ruby/lib/ruby/gems/3.4.0/gems/puma-6.5.0/lib/puma/launcher.rb:438:in 'block in Puma::Launcher#setup_signals': SIGTERM (SignalException)
	from /opt/elasticbeanstalk/lib/ruby/lib/ruby/gems/3.4.0/gems/puma-6.5.0/lib/puma/single.rb:63:in 'Thread#join'
	from /opt/elasticbeanstalk/lib/ruby/lib/ruby/gems/3.4.0/gems/puma-6.5.0/lib/puma/single.rb:63:in 'Puma::Single#run'
	from /opt/elasticbeanstalk/lib/ruby/lib/ruby/gems/3.4.0/gems/puma-6.5.0/lib/puma/launcher.rb:196:in 'Puma::Launcher#run'
	from /opt/elasticbeanstalk/lib/ruby/lib/ruby/gems/3.4.0/gems/puma-6.5.0/lib/puma/cli.rb:75:in 'Puma::CLI#run'
	from /opt/elasticbeanstalk/lib/ruby/lib/ruby/gems/3.4.0/gems/healthd-1.0.7/bin/healthd:112:in 'block in <top (required)>'
	from /opt/elasticbeanstalk/lib/ruby/lib/ruby/gems/3.4.0/gems/healthd-1.0.7/bin/healthd:19:in 'Dir.chdir'
	from /opt/elasticbeanstalk/lib/ruby/lib/ruby/gems/3.4.0/gems/healthd-1.0.7/bin/healthd:19:in '<top (required)>'
	from /opt/elasticbeanstalk/lib/ruby/bin/healthd:25:in 'Kernel#load'
	from /opt/elasticbeanstalk/lib/ruby/bin/healthd:25:in '<main>'
A, [2025-01-30T11:49:33.949349 #2800]   ANY -- : healthd daemon 1.0.7 initialized
W, [2025-01-30T11:49:44.029896 #2800]  WARN -- : discarding statistic item after validation error (Invalid timestamp): {id: "0", namespace: "application", timestamp: 1738237690, data: "{\"duration\":10,\"latency_histogram\":[[0.0,2]],\"http_counters\":{\"status_502\":2,\"request_count\":2}}"}
F, [2025-01-30T11:55:38.168014 #2800] FATAL -- : /opt/elasticbeanstalk/lib/ruby/lib/ruby/gems/3.4.0/gems/puma-6.5.0/lib/puma/launcher.rb:438:in 'block in Puma::Launcher#setup_signals': SIGTERM (SignalException)
	from /opt/elasticbeanstalk/lib/ruby/lib/ruby/gems/3.4.0/gems/puma-6.5.0/lib/puma/single.rb:63:in 'Thread#join'
	from /opt/elasticbeanstalk/lib/ruby/lib/ruby/gems/3.4.0/gems/puma-6.5.0/lib/puma/single.rb:63:in 'Puma::Single#run'
	from /opt/elasticbeanstalk/lib/ruby/lib/ruby/gems/3.4.0/gems/puma-6.5.0/lib/puma/launcher.rb:196:in 'Puma::Launcher#run'
	from /opt/elasticbeanstalk/lib/ruby/lib/ruby/gems/3.4.0/gems/puma-6.5.0/lib/puma/cli.rb:75:in 'Puma::CLI#run'
	from /opt/elasticbeanstalk/lib/ruby/lib/ruby/gems/3.4.0/gems/healthd-1.0.7/bin/healthd:112:in 'block in <top (required)>'
	from /opt/elasticbeanstalk/lib/ruby/lib/ruby/gems/3.4.0/gems/healthd-1.0.7/bin/healthd:19:in 'Dir.chdir'
	from /opt/elasticbeanstalk/lib/ruby/lib/ruby/gems/3.4.0/gems/healthd-1.0.7/bin/healthd:19:in '<top (required)>'
	from /opt/elasticbeanstalk/lib/ruby/bin/healthd:25:in 'Kernel#load'
	from /opt/elasticbeanstalk/lib/ruby/bin/healthd:25:in '<main>'
A, [2025-01-30T11:55:39.691156 #3589]   ANY -- : healthd daemon 1.0.7 initialized
W, [2025-01-30T11:55:49.770515 #3589]  WARN -- : discarding statistic item after validation error (Invalid timestamp): {id: "0", namespace: "application", timestamp: 1738238050, data: "{\"duration\":10,\"latency_histogram\":[[0.0,2]],\"http_counters\":{\"status_502\":2,\"request_count\":2}}"}
W, [2025-01-30T12:00:01.566961 #3589]  WARN -- : log file "/var/log/nginx/healthd/application.log.2025-01-30-12" does not exist
F, [2025-01-30T12:09:33.193237 #3589] FATAL -- : /opt/elasticbeanstalk/lib/ruby/lib/ruby/gems/3.4.0/gems/puma-6.5.0/lib/puma/launcher.rb:438:in 'block in Puma::Launcher#setup_signals': SIGTERM (SignalException)
	from /opt/elasticbeanstalk/lib/ruby/lib/ruby/gems/3.4.0/gems/puma-6.5.0/lib/puma/single.rb:63:in 'Thread#join'
	from /opt/elasticbeanstalk/lib/ruby/lib/ruby/gems/3.4.0/gems/puma-6.5.0/lib/puma/single.rb:63:in 'Puma::Single#run'
	from /opt/elasticbeanstalk/lib/ruby/lib/ruby/gems/3.4.0/gems/puma-6.5.0/lib/puma/launcher.rb:196:in 'Puma::Launcher#run'
	from /opt/elasticbeanstalk/lib/ruby/lib/ruby/gems/3.4.0/gems/puma-6.5.0/lib/puma/cli.rb:75:in 'Puma::CLI#run'
	from /opt/elasticbeanstalk/lib/ruby/lib/ruby/gems/3.4.0/gems/healthd-1.0.7/bin/healthd:112:in 'block in <top (required)>'
	from /opt/elasticbeanstalk/lib/ruby/lib/ruby/gems/3.4.0/gems/healthd-1.0.7/bin/healthd:19:in 'Dir.chdir'
	from /opt/elasticbeanstalk/lib/ruby/lib/ruby/gems/3.4.0/gems/healthd-1.0.7/bin/healthd:19:in '<top (required)>'
	from /opt/elasticbeanstalk/lib/ruby/bin/healthd:25:in 'Kernel#load'
	from /opt/elasticbeanstalk/lib/ruby/bin/healthd:25:in '<main>'
A, [2025-01-30T12:09:34.722575 #4749]   ANY -- : healthd daemon 1.0.7 initialized
W, [2025-01-30T12:09:44.813307 #4749]  WARN -- : discarding statistic item after validation error (Invalid timestamp): {id: "0", namespace: "application", timestamp: 1738238890, data: "{\"duration\":10,\"latency_histogram\":[[0.0,2]],\"http_counters\":{\"status_502\":2,\"request_count\":2}}"}
F, [2025-01-30T12:14:24.622388 #4749] FATAL -- : /opt/elasticbeanstalk/lib/ruby/lib/ruby/gems/3.4.0/gems/puma-6.5.0/lib/puma/launcher.rb:438:in 'block in Puma::Launcher#setup_signals': SIGTERM (SignalException)
	from /opt/elasticbeanstalk/lib/ruby/lib/ruby/gems/3.4.0/gems/puma-6.5.0/lib/puma/single.rb:63:in 'Thread#join'
	from /opt/elasticbeanstalk/lib/ruby/lib/ruby/gems/3.4.0/gems/puma-6.5.0/lib/puma/single.rb:63:in 'Puma::Single#run'
	from /opt/elasticbeanstalk/lib/ruby/lib/ruby/gems/3.4.0/gems/puma-6.5.0/lib/puma/launcher.rb:196:in 'Puma::Launcher#run'
	from /opt/elasticbeanstalk/lib/ruby/lib/ruby/gems/3.4.0/gems/puma-6.5.0/lib/puma/cli.rb:75:in 'Puma::CLI#run'
	from /opt/elasticbeanstalk/lib/ruby/lib/ruby/gems/3.4.0/gems/healthd-1.0.7/bin/healthd:112:in 'block in <top (required)>'
	from /opt/elasticbeanstalk/lib/ruby/lib/ruby/gems/3.4.0/gems/healthd-1.0.7/bin/healthd:19:in 'Dir.chdir'
	from /opt/elasticbeanstalk/lib/ruby/lib/ruby/gems/3.4.0/gems/healthd-1.0.7/bin/healthd:19:in '<top (required)>'
	from /opt/elasticbeanstalk/lib/ruby/bin/healthd:25:in 'Kernel#load'
	from /opt/elasticbeanstalk/lib/ruby/bin/healthd:25:in '<main>'
A, [2025-01-30T12:14:26.177296 #5526]   ANY -- : healthd daemon 1.0.7 initialized
W, [2025-01-30T12:14:36.256494 #5526]  WARN -- : discarding statistic item after validation error (Invalid timestamp): {id: "0", namespace: "application", timestamp: 1738239180, data: "{\"duration\":10,\"latency_histogram\":[[0.0,1]],\"http_counters\":{\"status_502\":1,\"request_count\":1}}"}
F, [2025-01-30T12:20:06.670245 #5526] FATAL -- : /opt/elasticbeanstalk/lib/ruby/lib/ruby/gems/3.4.0/gems/puma-6.5.0/lib/puma/launcher.rb:438:in 'block in Puma::Launcher#setup_signals': SIGTERM (SignalException)
	from /opt/elasticbeanstalk/lib/ruby/lib/ruby/gems/3.4.0/gems/puma-6.5.0/lib/puma/single.rb:63:in 'Thread#join'
	from /opt/elasticbeanstalk/lib/ruby/lib/ruby/gems/3.4.0/gems/puma-6.5.0/lib/puma/single.rb:63:in 'Puma::Single#run'
	from /opt/elasticbeanstalk/lib/ruby/lib/ruby/gems/3.4.0/gems/puma-6.5.0/lib/puma/launcher.rb:196:in 'Puma::Launcher#run'
	from /opt/elasticbeanstalk/lib/ruby/lib/ruby/gems/3.4.0/gems/puma-6.5.0/lib/puma/cli.rb:75:in 'Puma::CLI#run'
	from /opt/elasticbeanstalk/lib/ruby/lib/ruby/gems/3.4.0/gems/healthd-1.0.7/bin/healthd:112:in 'block in <top (required)>'
	from /opt/elasticbeanstalk/lib/ruby/lib/ruby/gems/3.4.0/gems/healthd-1.0.7/bin/healthd:19:in 'Dir.chdir'
	from /opt/elasticbeanstalk/lib/ruby/lib/ruby/gems/3.4.0/gems/healthd-1.0.7/bin/healthd:19:in '<top (required)>'
	from /opt/elasticbeanstalk/lib/ruby/bin/healthd:25:in 'Kernel#load'
	from /opt/elasticbeanstalk/lib/ruby/bin/healthd:25:in '<main>'
A, [2025-01-30T12:20:08.291848 #6236]   ANY -- : healthd daemon 1.0.7 initialized
W, [2025-01-30T12:20:18.378642 #6236]  WARN -- : discarding statistic item after validation error (Invalid timestamp): {id: "0", namespace: "application", timestamp: 1738239520, data: "{\"duration\":10,\"latency_histogram\":[[0.0,2]],\"http_counters\":{\"status_502\":2,\"request_count\":2}}"}
F, [2025-01-30T12:29:28.065101 #6236] FATAL -- : /opt/elasticbeanstalk/lib/ruby/lib/ruby/gems/3.4.0/gems/puma-6.5.0/lib/puma/launcher.rb:438:in 'block in Puma::Launcher#setup_signals': SIGTERM (SignalException)
	from /opt/elasticbeanstalk/lib/ruby/lib/ruby/gems/3.4.0/gems/puma-6.5.0/lib/puma/single.rb:63:in 'Thread#join'
	from /opt/elasticbeanstalk/lib/ruby/lib/ruby/gems/3.4.0/gems/puma-6.5.0/lib/puma/single.rb:63:in 'Puma::Single#run'
	from /opt/elasticbeanstalk/lib/ruby/lib/ruby/gems/3.4.0/gems/puma-6.5.0/lib/puma/launcher.rb:196:in 'Puma::Launcher#run'
	from /opt/elasticbeanstalk/lib/ruby/lib/ruby/gems/3.4.0/gems/puma-6.5.0/lib/puma/cli.rb:75:in 'Puma::CLI#run'
	from /opt/elasticbeanstalk/lib/ruby/lib/ruby/gems/3.4.0/gems/healthd-1.0.7/bin/healthd:112:in 'block in <top (required)>'
	from /opt/elasticbeanstalk/lib/ruby/lib/ruby/gems/3.4.0/gems/healthd-1.0.7/bin/healthd:19:in 'Dir.chdir'
	from /opt/elasticbeanstalk/lib/ruby/lib/ruby/gems/3.4.0/gems/healthd-1.0.7/bin/healthd:19:in '<top (required)>'
	from /opt/elasticbeanstalk/lib/ruby/bin/healthd:25:in 'Kernel#load'
	from /opt/elasticbeanstalk/lib/ruby/bin/healthd:25:in '<main>'
A, [2025-01-30T12:29:29.667633 #7100]   ANY -- : healthd daemon 1.0.7 initialized
W, [2025-01-30T12:29:39.752030 #7100]  WARN -- : discarding statistic item after validation error (Invalid timestamp): {id: "0", namespace: "application", timestamp: 1738240080, data: "{\"duration\":10,\"latency_histogram\":[[0.0,1]],\"http_counters\":{\"status_502\":1,\"request_count\":1}}"}
F, [2025-01-30T12:45:15.413367 #7100] FATAL -- : /opt/elasticbeanstalk/lib/ruby/lib/ruby/gems/3.4.0/gems/puma-6.5.0/lib/puma/launcher.rb:438:in 'block in Puma::Launcher#setup_signals': SIGTERM (SignalException)
	from /opt/elasticbeanstalk/lib/ruby/lib/ruby/gems/3.4.0/gems/puma-6.5.0/lib/puma/single.rb:63:in 'Thread#join'
	from /opt/elasticbeanstalk/lib/ruby/lib/ruby/gems/3.4.0/gems/puma-6.5.0/lib/puma/single.rb:63:in 'Puma::Single#run'
	from /opt/elasticbeanstalk/lib/ruby/lib/ruby/gems/3.4.0/gems/puma-6.5.0/lib/puma/launcher.rb:196:in 'Puma::Launcher#run'
	from /opt/elasticbeanstalk/lib/ruby/lib/ruby/gems/3.4.0/gems/puma-6.5.0/lib/puma/cli.rb:75:in 'Puma::CLI#run'
	from /opt/elasticbeanstalk/lib/ruby/lib/ruby/gems/3.4.0/gems/healthd-1.0.7/bin/healthd:112:in 'block in <top (required)>'
	from /opt/elasticbeanstalk/lib/ruby/lib/ruby/gems/3.4.0/gems/healthd-1.0.7/bin/healthd:19:in 'Dir.chdir'
	from /opt/elasticbeanstalk/lib/ruby/lib/ruby/gems/3.4.0/gems/healthd-1.0.7/bin/healthd:19:in '<top (required)>'
	from /opt/elasticbeanstalk/lib/ruby/bin/healthd:25:in 'Kernel#load'
	from /opt/elasticbeanstalk/lib/ruby/bin/healthd:25:in '<main>'
A, [2025-01-30T12:45:17.042172 #8300]   ANY -- : healthd daemon 1.0.7 initialized
F, [2025-01-30T12:55:25.455076 #8300] FATAL -- : /opt/elasticbeanstalk/lib/ruby/lib/ruby/gems/3.4.0/gems/puma-6.5.0/lib/puma/launcher.rb:438:in 'block in Puma::Launcher#setup_signals': SIGTERM (SignalException)
	from /opt/elasticbeanstalk/lib/ruby/lib/ruby/gems/3.4.0/gems/puma-6.5.0/lib/puma/single.rb:63:in 'Thread#join'
	from /opt/elasticbeanstalk/lib/ruby/lib/ruby/gems/3.4.0/gems/puma-6.5.0/lib/puma/single.rb:63:in 'Puma::Single#run'
	from /opt/elasticbeanstalk/lib/ruby/lib/ruby/gems/3.4.0/gems/puma-6.5.0/lib/puma/launcher.rb:196:in 'Puma::Launcher#run'
	from /opt/elasticbeanstalk/lib/ruby/lib/ruby/gems/3.4.0/gems/puma-6.5.0/lib/puma/cli.rb:75:in 'Puma::CLI#run'
	from /opt/elasticbeanstalk/lib/ruby/lib/ruby/gems/3.4.0/gems/healthd-1.0.7/bin/healthd:112:in 'block in <top (required)>'
	from /opt/elasticbeanstalk/lib/ruby/lib/ruby/gems/3.4.0/gems/healthd-1.0.7/bin/healthd:19:in 'Dir.chdir'
	from /opt/elasticbeanstalk/lib/ruby/lib/ruby/gems/3.4.0/gems/healthd-1.0.7/bin/healthd:19:in '<top (required)>'
	from /opt/elasticbeanstalk/lib/ruby/bin/healthd:25:in 'Kernel#load'
	from /opt/elasticbeanstalk/lib/ruby/bin/healthd:25:in '<main>'
A, [2025-01-30T12:55:27.088228 #9284]   ANY -- : healthd daemon 1.0.7 initialized
W, [2025-01-30T12:55:37.175942 #9284]  WARN -- : discarding statistic item after validation error (Invalid timestamp): {id: "0", namespace: "application", timestamp: 1738241640, data: "{\"duration\":10,\"latency_histogram\":[[0.0,1],[0.001,1]],\"http_counters\":{\"status_502\":2,\"request_count\":2}}"}
